Determining if the pthread_create exist failed with the following output:
Change Dir: /home/ktai01/tensorrt-detectron/cmake-build-debug/CMakeFiles/CMakeTmp

Run Build Command(s):/usr/bin/make cmTC_d4872/fast 
/usr/bin/make -f CMakeFiles/cmTC_d4872.dir/build.make CMakeFiles/cmTC_d4872.dir/build
make[1]: 디렉터리 '/home/ktai01/tensorrt-detectron/cmake-build-debug/CMakeFiles/CMakeTmp' 들어감
Building C object CMakeFiles/cmTC_d4872.dir/CheckSymbolExists.c.o
/usr/bin/cc   -fPIC    -o CMakeFiles/cmTC_d4872.dir/CheckSymbolExists.c.o   -c /home/ktai01/tensorrt-detectron/cmake-build-debug/CMakeFiles/CMakeTmp/CheckSymbolExists.c
Linking C executable cmTC_d4872
/home/ktai01/Downloads/clion-2019.1.3/bin/cmake/linux/bin/cmake -E cmake_link_script CMakeFiles/cmTC_d4872.dir/link.txt --verbose=1
/usr/bin/cc -fPIC     -rdynamic CMakeFiles/cmTC_d4872.dir/CheckSymbolExists.c.o  -o cmTC_d4872 
CMakeFiles/cmTC_d4872.dir/CheckSymbolExists.c.o: In function `main':
CheckSymbolExists.c:(.text+0x1b): undefined reference to `pthread_create'
collect2: error: ld returned 1 exit status
CMakeFiles/cmTC_d4872.dir/build.make:86: recipe for target 'cmTC_d4872' failed
make[1]: *** [cmTC_d4872] Error 1
make[1]: 디렉터리 '/home/ktai01/tensorrt-detectron/cmake-build-debug/CMakeFiles/CMakeTmp' 나감
Makefile:121: recipe for target 'cmTC_d4872/fast' failed
make: *** [cmTC_d4872/fast] Error 2

File /home/ktai01/tensorrt-detectron/cmake-build-debug/CMakeFiles/CMakeTmp/CheckSymbolExists.c:
/* */
#include <pthread.h>

int main(int argc, char** argv)
{
  (void)argv;
#ifndef pthread_create
  return ((int*)(&pthread_create))[argc];
#else
  (void)argc;
  return 0;
#endif
}

Determining if the function pthread_create exists in the pthreads failed with the following output:
Change Dir: /home/ktai01/tensorrt-detectron/cmake-build-debug/CMakeFiles/CMakeTmp

Run Build Command(s):/usr/bin/make cmTC_01595/fast 
/usr/bin/make -f CMakeFiles/cmTC_01595.dir/build.make CMakeFiles/cmTC_01595.dir/build
make[1]: 디렉터리 '/home/ktai01/tensorrt-detectron/cmake-build-debug/CMakeFiles/CMakeTmp' 들어감
Building C object CMakeFiles/cmTC_01595.dir/CheckFunctionExists.c.o
/usr/bin/cc   -fPIC -DCHECK_FUNCTION_EXISTS=pthread_create   -o CMakeFiles/cmTC_01595.dir/CheckFunctionExists.c.o   -c /home/ktai01/Downloads/clion-2019.1.3/bin/cmake/linux/share/cmake-3.14/Modules/CheckFunctionExists.c
Linking C executable cmTC_01595
/home/ktai01/Downloads/clion-2019.1.3/bin/cmake/linux/bin/cmake -E cmake_link_script CMakeFiles/cmTC_01595.dir/link.txt --verbose=1
/usr/bin/cc -fPIC -DCHECK_FUNCTION_EXISTS=pthread_create    -rdynamic CMakeFiles/cmTC_01595.dir/CheckFunctionExists.c.o  -o cmTC_01595 -lpthreads 
/usr/bin/ld: cannot find -lpthreads
collect2: error: ld returned 1 exit status
CMakeFiles/cmTC_01595.dir/build.make:86: recipe for target 'cmTC_01595' failed
make[1]: *** [cmTC_01595] Error 1
make[1]: 디렉터리 '/home/ktai01/tensorrt-detectron/cmake-build-debug/CMakeFiles/CMakeTmp' 나감
Makefile:121: recipe for target 'cmTC_01595/fast' failed
make: *** [cmTC_01595/fast] Error 2


