Determining if the pthread_create exist failed with the following output:
Change Dir: /home/ktai01/tensorrt-detectron/build/CMakeFiles/CMakeTmp

Run Build Command:"/usr/bin/make" "cmTC_8a45f/fast"
/usr/bin/make -f CMakeFiles/cmTC_8a45f.dir/build.make CMakeFiles/cmTC_8a45f.dir/build
make[1]: 디렉터리 '/home/ktai01/tensorrt-detectron/build/CMakeFiles/CMakeTmp' 들어감
Building C object CMakeFiles/cmTC_8a45f.dir/CheckSymbolExists.c.o
/usr/bin/cc   -fPIC    -o CMakeFiles/cmTC_8a45f.dir/CheckSymbolExists.c.o   -c /home/ktai01/tensorrt-detectron/build/CMakeFiles/CMakeTmp/CheckSymbolExists.c
Linking C executable cmTC_8a45f
/usr/local/lib/python2.7/dist-packages/cmake/data/bin/cmake -E cmake_link_script CMakeFiles/cmTC_8a45f.dir/link.txt --verbose=1
/usr/bin/cc -fPIC     -rdynamic CMakeFiles/cmTC_8a45f.dir/CheckSymbolExists.c.o  -o cmTC_8a45f 
CMakeFiles/cmTC_8a45f.dir/CheckSymbolExists.c.o: In function `main':
CheckSymbolExists.c:(.text+0x1b): undefined reference to `pthread_create'
collect2: error: ld returned 1 exit status
CMakeFiles/cmTC_8a45f.dir/build.make:86: recipe for target 'cmTC_8a45f' failed
make[1]: *** [cmTC_8a45f] Error 1
make[1]: 디렉터리 '/home/ktai01/tensorrt-detectron/build/CMakeFiles/CMakeTmp' 나감
Makefile:121: recipe for target 'cmTC_8a45f/fast' failed
make: *** [cmTC_8a45f/fast] Error 2

File /home/ktai01/tensorrt-detectron/build/CMakeFiles/CMakeTmp/CheckSymbolExists.c:
/* */
#include <pthread.h>

int main(int argc, char** argv)
{
  (void)argv;
#ifndef pthread_create
  return ((int*)(&pthread_create))[argc];
#else
  (void)argc;
  return 0;
#endif
}

Determining if the function pthread_create exists in the pthreads failed with the following output:
Change Dir: /home/ktai01/tensorrt-detectron/build/CMakeFiles/CMakeTmp

Run Build Command:"/usr/bin/make" "cmTC_f622e/fast"
/usr/bin/make -f CMakeFiles/cmTC_f622e.dir/build.make CMakeFiles/cmTC_f622e.dir/build
make[1]: 디렉터리 '/home/ktai01/tensorrt-detectron/build/CMakeFiles/CMakeTmp' 들어감
Building C object CMakeFiles/cmTC_f622e.dir/CheckFunctionExists.c.o
/usr/bin/cc   -fPIC -DCHECK_FUNCTION_EXISTS=pthread_create   -o CMakeFiles/cmTC_f622e.dir/CheckFunctionExists.c.o   -c /usr/local/lib/python2.7/dist-packages/cmake/data/share/cmake-3.13/Modules/CheckFunctionExists.c
Linking C executable cmTC_f622e
/usr/local/lib/python2.7/dist-packages/cmake/data/bin/cmake -E cmake_link_script CMakeFiles/cmTC_f622e.dir/link.txt --verbose=1
/usr/bin/cc -fPIC -DCHECK_FUNCTION_EXISTS=pthread_create    -rdynamic CMakeFiles/cmTC_f622e.dir/CheckFunctionExists.c.o  -o cmTC_f622e -lpthreads 
/usr/bin/ld: cannot find -lpthreads
collect2: error: ld returned 1 exit status
CMakeFiles/cmTC_f622e.dir/build.make:86: recipe for target 'cmTC_f622e' failed
make[1]: *** [cmTC_f622e] Error 1
make[1]: 디렉터리 '/home/ktai01/tensorrt-detectron/build/CMakeFiles/CMakeTmp' 나감
Makefile:121: recipe for target 'cmTC_f622e/fast' failed
make: *** [cmTC_f622e/fast] Error 2


Determining if the pthread_create exist failed with the following output:
Change Dir: /home/lee/tensorrt-detectron/build/CMakeFiles/CMakeTmp

Run Build Command(s):/usr/bin/make cmTC_8a25b/fast 
/usr/bin/make -f CMakeFiles/cmTC_8a25b.dir/build.make CMakeFiles/cmTC_8a25b.dir/build
make[1]: 디렉터리 '/home/lee/tensorrt-detectron/build/CMakeFiles/CMakeTmp' 들어감
Building C object CMakeFiles/cmTC_8a25b.dir/CheckSymbolExists.c.o
/usr/bin/cc   -fPIC    -o CMakeFiles/cmTC_8a25b.dir/CheckSymbolExists.c.o   -c /home/lee/tensorrt-detectron/build/CMakeFiles/CMakeTmp/CheckSymbolExists.c
Linking C executable cmTC_8a25b
/usr/local/bin/cmake -E cmake_link_script CMakeFiles/cmTC_8a25b.dir/link.txt --verbose=1
/usr/bin/cc -fPIC     -rdynamic CMakeFiles/cmTC_8a25b.dir/CheckSymbolExists.c.o  -o cmTC_8a25b 
CMakeFiles/cmTC_8a25b.dir/CheckSymbolExists.c.o: In function `main':
CheckSymbolExists.c:(.text+0x1b): undefined reference to `pthread_create'
collect2: error: ld returned 1 exit status
CMakeFiles/cmTC_8a25b.dir/build.make:86: recipe for target 'cmTC_8a25b' failed
make[1]: *** [cmTC_8a25b] Error 1
make[1]: 디렉터리 '/home/lee/tensorrt-detectron/build/CMakeFiles/CMakeTmp' 나감
Makefile:121: recipe for target 'cmTC_8a25b/fast' failed
make: *** [cmTC_8a25b/fast] Error 2

File /home/lee/tensorrt-detectron/build/CMakeFiles/CMakeTmp/CheckSymbolExists.c:
/* */
#include <pthread.h>

int main(int argc, char** argv)
{
  (void)argv;
#ifndef pthread_create
  return ((int*)(&pthread_create))[argc];
#else
  (void)argc;
  return 0;
#endif
}

Determining if the function pthread_create exists in the pthreads failed with the following output:
Change Dir: /home/lee/tensorrt-detectron/build/CMakeFiles/CMakeTmp

Run Build Command(s):/usr/bin/make cmTC_b0d48/fast 
/usr/bin/make -f CMakeFiles/cmTC_b0d48.dir/build.make CMakeFiles/cmTC_b0d48.dir/build
make[1]: 디렉터리 '/home/lee/tensorrt-detectron/build/CMakeFiles/CMakeTmp' 들어감
Building C object CMakeFiles/cmTC_b0d48.dir/CheckFunctionExists.c.o
/usr/bin/cc   -fPIC -DCHECK_FUNCTION_EXISTS=pthread_create   -o CMakeFiles/cmTC_b0d48.dir/CheckFunctionExists.c.o   -c /usr/local/share/cmake-3.14/Modules/CheckFunctionExists.c
Linking C executable cmTC_b0d48
/usr/local/bin/cmake -E cmake_link_script CMakeFiles/cmTC_b0d48.dir/link.txt --verbose=1
/usr/bin/cc -fPIC -DCHECK_FUNCTION_EXISTS=pthread_create    -rdynamic CMakeFiles/cmTC_b0d48.dir/CheckFunctionExists.c.o  -o cmTC_b0d48 -lpthreads 
/usr/bin/x86_64-linux-gnu-ld: cannot find -lpthreads
collect2: error: ld returned 1 exit status
CMakeFiles/cmTC_b0d48.dir/build.make:86: recipe for target 'cmTC_b0d48' failed
make[1]: *** [cmTC_b0d48] Error 1
make[1]: 디렉터리 '/home/lee/tensorrt-detectron/build/CMakeFiles/CMakeTmp' 나감
Makefile:121: recipe for target 'cmTC_b0d48/fast' failed
make: *** [cmTC_b0d48/fast] Error 2


Determining if the pthread_create exist failed with the following output:
Change Dir: /home/lee/tensorrt-detectron/build/CMakeFiles/CMakeTmp

Run Build Command(s):/usr/bin/make cmTC_bbc68/fast 
/usr/bin/make -f CMakeFiles/cmTC_bbc68.dir/build.make CMakeFiles/cmTC_bbc68.dir/build
make[1]: 디렉터리 '/home/lee/tensorrt-detectron/build/CMakeFiles/CMakeTmp' 들어감
Building C object CMakeFiles/cmTC_bbc68.dir/CheckSymbolExists.c.o
/usr/bin/cc   -fPIC    -o CMakeFiles/cmTC_bbc68.dir/CheckSymbolExists.c.o   -c /home/lee/tensorrt-detectron/build/CMakeFiles/CMakeTmp/CheckSymbolExists.c
Linking C executable cmTC_bbc68
/usr/local/bin/cmake -E cmake_link_script CMakeFiles/cmTC_bbc68.dir/link.txt --verbose=1
/usr/bin/cc -fPIC     -rdynamic CMakeFiles/cmTC_bbc68.dir/CheckSymbolExists.c.o  -o cmTC_bbc68 
CMakeFiles/cmTC_bbc68.dir/CheckSymbolExists.c.o: In function `main':
CheckSymbolExists.c:(.text+0x1b): undefined reference to `pthread_create'
collect2: error: ld returned 1 exit status
CMakeFiles/cmTC_bbc68.dir/build.make:86: recipe for target 'cmTC_bbc68' failed
make[1]: *** [cmTC_bbc68] Error 1
make[1]: 디렉터리 '/home/lee/tensorrt-detectron/build/CMakeFiles/CMakeTmp' 나감
Makefile:121: recipe for target 'cmTC_bbc68/fast' failed
make: *** [cmTC_bbc68/fast] Error 2

File /home/lee/tensorrt-detectron/build/CMakeFiles/CMakeTmp/CheckSymbolExists.c:
/* */
#include <pthread.h>

int main(int argc, char** argv)
{
  (void)argv;
#ifndef pthread_create
  return ((int*)(&pthread_create))[argc];
#else
  (void)argc;
  return 0;
#endif
}

Determining if the function pthread_create exists in the pthreads failed with the following output:
Change Dir: /home/lee/tensorrt-detectron/build/CMakeFiles/CMakeTmp

Run Build Command(s):/usr/bin/make cmTC_712df/fast 
/usr/bin/make -f CMakeFiles/cmTC_712df.dir/build.make CMakeFiles/cmTC_712df.dir/build
make[1]: 디렉터리 '/home/lee/tensorrt-detectron/build/CMakeFiles/CMakeTmp' 들어감
Building C object CMakeFiles/cmTC_712df.dir/CheckFunctionExists.c.o
/usr/bin/cc   -fPIC -DCHECK_FUNCTION_EXISTS=pthread_create   -o CMakeFiles/cmTC_712df.dir/CheckFunctionExists.c.o   -c /usr/local/share/cmake-3.14/Modules/CheckFunctionExists.c
Linking C executable cmTC_712df
/usr/local/bin/cmake -E cmake_link_script CMakeFiles/cmTC_712df.dir/link.txt --verbose=1
/usr/bin/cc -fPIC -DCHECK_FUNCTION_EXISTS=pthread_create    -rdynamic CMakeFiles/cmTC_712df.dir/CheckFunctionExists.c.o  -o cmTC_712df -lpthreads 
/usr/bin/x86_64-linux-gnu-ld: cannot find -lpthreads
collect2: error: ld returned 1 exit status
CMakeFiles/cmTC_712df.dir/build.make:86: recipe for target 'cmTC_712df' failed
make[1]: *** [cmTC_712df] Error 1
make[1]: 디렉터리 '/home/lee/tensorrt-detectron/build/CMakeFiles/CMakeTmp' 나감
Makefile:121: recipe for target 'cmTC_712df/fast' failed
make: *** [cmTC_712df/fast] Error 2


Determining if the pthread_create exist failed with the following output:
Change Dir: /home/lee/tensorrt-detectron/build/CMakeFiles/CMakeTmp

Run Build Command(s):/usr/bin/make cmTC_4db44/fast 
/usr/bin/make -f CMakeFiles/cmTC_4db44.dir/build.make CMakeFiles/cmTC_4db44.dir/build
make[1]: 디렉터리 '/home/lee/tensorrt-detectron/build/CMakeFiles/CMakeTmp' 들어감
Building C object CMakeFiles/cmTC_4db44.dir/CheckSymbolExists.c.o
/usr/bin/cc   -fPIC    -o CMakeFiles/cmTC_4db44.dir/CheckSymbolExists.c.o   -c /home/lee/tensorrt-detectron/build/CMakeFiles/CMakeTmp/CheckSymbolExists.c
Linking C executable cmTC_4db44
/usr/local/bin/cmake -E cmake_link_script CMakeFiles/cmTC_4db44.dir/link.txt --verbose=1
/usr/bin/cc -fPIC     -rdynamic CMakeFiles/cmTC_4db44.dir/CheckSymbolExists.c.o  -o cmTC_4db44 
CMakeFiles/cmTC_4db44.dir/CheckSymbolExists.c.o: In function `main':
CheckSymbolExists.c:(.text+0x1b): undefined reference to `pthread_create'
collect2: error: ld returned 1 exit status
CMakeFiles/cmTC_4db44.dir/build.make:86: recipe for target 'cmTC_4db44' failed
make[1]: *** [cmTC_4db44] Error 1
make[1]: 디렉터리 '/home/lee/tensorrt-detectron/build/CMakeFiles/CMakeTmp' 나감
Makefile:121: recipe for target 'cmTC_4db44/fast' failed
make: *** [cmTC_4db44/fast] Error 2

File /home/lee/tensorrt-detectron/build/CMakeFiles/CMakeTmp/CheckSymbolExists.c:
/* */
#include <pthread.h>

int main(int argc, char** argv)
{
  (void)argv;
#ifndef pthread_create
  return ((int*)(&pthread_create))[argc];
#else
  (void)argc;
  return 0;
#endif
}

Determining if the function pthread_create exists in the pthreads failed with the following output:
Change Dir: /home/lee/tensorrt-detectron/build/CMakeFiles/CMakeTmp

Run Build Command(s):/usr/bin/make cmTC_5f033/fast 
/usr/bin/make -f CMakeFiles/cmTC_5f033.dir/build.make CMakeFiles/cmTC_5f033.dir/build
make[1]: 디렉터리 '/home/lee/tensorrt-detectron/build/CMakeFiles/CMakeTmp' 들어감
Building C object CMakeFiles/cmTC_5f033.dir/CheckFunctionExists.c.o
/usr/bin/cc   -fPIC -DCHECK_FUNCTION_EXISTS=pthread_create   -o CMakeFiles/cmTC_5f033.dir/CheckFunctionExists.c.o   -c /usr/local/share/cmake-3.14/Modules/CheckFunctionExists.c
Linking C executable cmTC_5f033
/usr/local/bin/cmake -E cmake_link_script CMakeFiles/cmTC_5f033.dir/link.txt --verbose=1
/usr/bin/cc -fPIC -DCHECK_FUNCTION_EXISTS=pthread_create    -rdynamic CMakeFiles/cmTC_5f033.dir/CheckFunctionExists.c.o  -o cmTC_5f033 -lpthreads 
/usr/bin/x86_64-linux-gnu-ld: cannot find -lpthreads
collect2: error: ld returned 1 exit status
CMakeFiles/cmTC_5f033.dir/build.make:86: recipe for target 'cmTC_5f033' failed
make[1]: *** [cmTC_5f033] Error 1
make[1]: 디렉터리 '/home/lee/tensorrt-detectron/build/CMakeFiles/CMakeTmp' 나감
Makefile:121: recipe for target 'cmTC_5f033/fast' failed
make: *** [cmTC_5f033/fast] Error 2


Determining if the pthread_create exist failed with the following output:
Change Dir: /home/lee/tensorrt-detectron/build/CMakeFiles/CMakeTmp

Run Build Command(s):/usr/bin/make cmTC_039a6/fast 
/usr/bin/make -f CMakeFiles/cmTC_039a6.dir/build.make CMakeFiles/cmTC_039a6.dir/build
make[1]: 디렉터리 '/home/lee/tensorrt-detectron/build/CMakeFiles/CMakeTmp' 들어감
Building C object CMakeFiles/cmTC_039a6.dir/CheckSymbolExists.c.o
/usr/bin/cc   -fPIC    -o CMakeFiles/cmTC_039a6.dir/CheckSymbolExists.c.o   -c /home/lee/tensorrt-detectron/build/CMakeFiles/CMakeTmp/CheckSymbolExists.c
Linking C executable cmTC_039a6
/usr/local/bin/cmake -E cmake_link_script CMakeFiles/cmTC_039a6.dir/link.txt --verbose=1
/usr/bin/cc -fPIC     -rdynamic CMakeFiles/cmTC_039a6.dir/CheckSymbolExists.c.o  -o cmTC_039a6 
CMakeFiles/cmTC_039a6.dir/CheckSymbolExists.c.o: In function `main':
CheckSymbolExists.c:(.text+0x1b): undefined reference to `pthread_create'
collect2: error: ld returned 1 exit status
CMakeFiles/cmTC_039a6.dir/build.make:86: recipe for target 'cmTC_039a6' failed
make[1]: *** [cmTC_039a6] Error 1
make[1]: 디렉터리 '/home/lee/tensorrt-detectron/build/CMakeFiles/CMakeTmp' 나감
Makefile:121: recipe for target 'cmTC_039a6/fast' failed
make: *** [cmTC_039a6/fast] Error 2

File /home/lee/tensorrt-detectron/build/CMakeFiles/CMakeTmp/CheckSymbolExists.c:
/* */
#include <pthread.h>

int main(int argc, char** argv)
{
  (void)argv;
#ifndef pthread_create
  return ((int*)(&pthread_create))[argc];
#else
  (void)argc;
  return 0;
#endif
}

Determining if the function pthread_create exists in the pthreads failed with the following output:
Change Dir: /home/lee/tensorrt-detectron/build/CMakeFiles/CMakeTmp

Run Build Command(s):/usr/bin/make cmTC_03a74/fast 
/usr/bin/make -f CMakeFiles/cmTC_03a74.dir/build.make CMakeFiles/cmTC_03a74.dir/build
make[1]: 디렉터리 '/home/lee/tensorrt-detectron/build/CMakeFiles/CMakeTmp' 들어감
Building C object CMakeFiles/cmTC_03a74.dir/CheckFunctionExists.c.o
/usr/bin/cc   -fPIC -DCHECK_FUNCTION_EXISTS=pthread_create   -o CMakeFiles/cmTC_03a74.dir/CheckFunctionExists.c.o   -c /usr/local/share/cmake-3.14/Modules/CheckFunctionExists.c
Linking C executable cmTC_03a74
/usr/local/bin/cmake -E cmake_link_script CMakeFiles/cmTC_03a74.dir/link.txt --verbose=1
/usr/bin/cc -fPIC -DCHECK_FUNCTION_EXISTS=pthread_create    -rdynamic CMakeFiles/cmTC_03a74.dir/CheckFunctionExists.c.o  -o cmTC_03a74 -lpthreads 
/usr/bin/x86_64-linux-gnu-ld: cannot find -lpthreads
collect2: error: ld returned 1 exit status
CMakeFiles/cmTC_03a74.dir/build.make:86: recipe for target 'cmTC_03a74' failed
make[1]: *** [cmTC_03a74] Error 1
make[1]: 디렉터리 '/home/lee/tensorrt-detectron/build/CMakeFiles/CMakeTmp' 나감
Makefile:121: recipe for target 'cmTC_03a74/fast' failed
make: *** [cmTC_03a74/fast] Error 2


Determining if the pthread_create exist failed with the following output:
Change Dir: /home/lee/tensorrt-detectron/build/CMakeFiles/CMakeTmp

Run Build Command(s):/usr/bin/make cmTC_701be/fast 
/usr/bin/make -f CMakeFiles/cmTC_701be.dir/build.make CMakeFiles/cmTC_701be.dir/build
make[1]: 디렉터리 '/home/lee/tensorrt-detectron/build/CMakeFiles/CMakeTmp' 들어감
Building C object CMakeFiles/cmTC_701be.dir/CheckSymbolExists.c.o
/usr/bin/cc   -fPIC    -o CMakeFiles/cmTC_701be.dir/CheckSymbolExists.c.o   -c /home/lee/tensorrt-detectron/build/CMakeFiles/CMakeTmp/CheckSymbolExists.c
Linking C executable cmTC_701be
/usr/local/bin/cmake -E cmake_link_script CMakeFiles/cmTC_701be.dir/link.txt --verbose=1
/usr/bin/cc -fPIC     -rdynamic CMakeFiles/cmTC_701be.dir/CheckSymbolExists.c.o  -o cmTC_701be 
CMakeFiles/cmTC_701be.dir/CheckSymbolExists.c.o: In function `main':
CheckSymbolExists.c:(.text+0x1b): undefined reference to `pthread_create'
collect2: error: ld returned 1 exit status
CMakeFiles/cmTC_701be.dir/build.make:86: recipe for target 'cmTC_701be' failed
make[1]: *** [cmTC_701be] Error 1
make[1]: 디렉터리 '/home/lee/tensorrt-detectron/build/CMakeFiles/CMakeTmp' 나감
Makefile:121: recipe for target 'cmTC_701be/fast' failed
make: *** [cmTC_701be/fast] Error 2

File /home/lee/tensorrt-detectron/build/CMakeFiles/CMakeTmp/CheckSymbolExists.c:
/* */
#include <pthread.h>

int main(int argc, char** argv)
{
  (void)argv;
#ifndef pthread_create
  return ((int*)(&pthread_create))[argc];
#else
  (void)argc;
  return 0;
#endif
}

Determining if the function pthread_create exists in the pthreads failed with the following output:
Change Dir: /home/lee/tensorrt-detectron/build/CMakeFiles/CMakeTmp

Run Build Command(s):/usr/bin/make cmTC_5520d/fast 
/usr/bin/make -f CMakeFiles/cmTC_5520d.dir/build.make CMakeFiles/cmTC_5520d.dir/build
make[1]: 디렉터리 '/home/lee/tensorrt-detectron/build/CMakeFiles/CMakeTmp' 들어감
Building C object CMakeFiles/cmTC_5520d.dir/CheckFunctionExists.c.o
/usr/bin/cc   -fPIC -DCHECK_FUNCTION_EXISTS=pthread_create   -o CMakeFiles/cmTC_5520d.dir/CheckFunctionExists.c.o   -c /usr/local/share/cmake-3.14/Modules/CheckFunctionExists.c
Linking C executable cmTC_5520d
/usr/local/bin/cmake -E cmake_link_script CMakeFiles/cmTC_5520d.dir/link.txt --verbose=1
/usr/bin/cc -fPIC -DCHECK_FUNCTION_EXISTS=pthread_create    -rdynamic CMakeFiles/cmTC_5520d.dir/CheckFunctionExists.c.o  -o cmTC_5520d -lpthreads 
/usr/bin/x86_64-linux-gnu-ld: cannot find -lpthreads
collect2: error: ld returned 1 exit status
CMakeFiles/cmTC_5520d.dir/build.make:86: recipe for target 'cmTC_5520d' failed
make[1]: *** [cmTC_5520d] Error 1
make[1]: 디렉터리 '/home/lee/tensorrt-detectron/build/CMakeFiles/CMakeTmp' 나감
Makefile:121: recipe for target 'cmTC_5520d/fast' failed
make: *** [cmTC_5520d/fast] Error 2


Determining if the pthread_create exist failed with the following output:
Change Dir: /home/lee/tensorrt-detectron/build/CMakeFiles/CMakeTmp

Run Build Command(s):/usr/bin/make cmTC_ea521/fast 
/usr/bin/make -f CMakeFiles/cmTC_ea521.dir/build.make CMakeFiles/cmTC_ea521.dir/build
make[1]: 디렉터리 '/home/lee/tensorrt-detectron/build/CMakeFiles/CMakeTmp' 들어감
Building C object CMakeFiles/cmTC_ea521.dir/CheckSymbolExists.c.o
/usr/bin/cc   -fPIC    -o CMakeFiles/cmTC_ea521.dir/CheckSymbolExists.c.o   -c /home/lee/tensorrt-detectron/build/CMakeFiles/CMakeTmp/CheckSymbolExists.c
Linking C executable cmTC_ea521
/usr/local/bin/cmake -E cmake_link_script CMakeFiles/cmTC_ea521.dir/link.txt --verbose=1
/usr/bin/cc -fPIC     -rdynamic CMakeFiles/cmTC_ea521.dir/CheckSymbolExists.c.o  -o cmTC_ea521 
CMakeFiles/cmTC_ea521.dir/CheckSymbolExists.c.o: In function `main':
CheckSymbolExists.c:(.text+0x1b): undefined reference to `pthread_create'
collect2: error: ld returned 1 exit status
CMakeFiles/cmTC_ea521.dir/build.make:86: recipe for target 'cmTC_ea521' failed
make[1]: *** [cmTC_ea521] Error 1
make[1]: 디렉터리 '/home/lee/tensorrt-detectron/build/CMakeFiles/CMakeTmp' 나감
Makefile:121: recipe for target 'cmTC_ea521/fast' failed
make: *** [cmTC_ea521/fast] Error 2

File /home/lee/tensorrt-detectron/build/CMakeFiles/CMakeTmp/CheckSymbolExists.c:
/* */
#include <pthread.h>

int main(int argc, char** argv)
{
  (void)argv;
#ifndef pthread_create
  return ((int*)(&pthread_create))[argc];
#else
  (void)argc;
  return 0;
#endif
}

Determining if the function pthread_create exists in the pthreads failed with the following output:
Change Dir: /home/lee/tensorrt-detectron/build/CMakeFiles/CMakeTmp

Run Build Command(s):/usr/bin/make cmTC_0d023/fast 
/usr/bin/make -f CMakeFiles/cmTC_0d023.dir/build.make CMakeFiles/cmTC_0d023.dir/build
make[1]: 디렉터리 '/home/lee/tensorrt-detectron/build/CMakeFiles/CMakeTmp' 들어감
Building C object CMakeFiles/cmTC_0d023.dir/CheckFunctionExists.c.o
/usr/bin/cc   -fPIC -DCHECK_FUNCTION_EXISTS=pthread_create   -o CMakeFiles/cmTC_0d023.dir/CheckFunctionExists.c.o   -c /usr/local/share/cmake-3.14/Modules/CheckFunctionExists.c
Linking C executable cmTC_0d023
/usr/local/bin/cmake -E cmake_link_script CMakeFiles/cmTC_0d023.dir/link.txt --verbose=1
/usr/bin/cc -fPIC -DCHECK_FUNCTION_EXISTS=pthread_create    -rdynamic CMakeFiles/cmTC_0d023.dir/CheckFunctionExists.c.o  -o cmTC_0d023 -lpthreads 
/usr/bin/x86_64-linux-gnu-ld: cannot find -lpthreads
collect2: error: ld returned 1 exit status
CMakeFiles/cmTC_0d023.dir/build.make:86: recipe for target 'cmTC_0d023' failed
make[1]: *** [cmTC_0d023] Error 1
make[1]: 디렉터리 '/home/lee/tensorrt-detectron/build/CMakeFiles/CMakeTmp' 나감
Makefile:121: recipe for target 'cmTC_0d023/fast' failed
make: *** [cmTC_0d023/fast] Error 2


Determining if the pthread_create exist failed with the following output:
Change Dir: /home/lee/tensorrt-detectron/build/CMakeFiles/CMakeTmp

Run Build Command(s):/usr/bin/make cmTC_f8139/fast 
/usr/bin/make -f CMakeFiles/cmTC_f8139.dir/build.make CMakeFiles/cmTC_f8139.dir/build
make[1]: 디렉터리 '/home/lee/tensorrt-detectron/build/CMakeFiles/CMakeTmp' 들어감
Building C object CMakeFiles/cmTC_f8139.dir/CheckSymbolExists.c.o
/usr/bin/cc   -fPIC    -o CMakeFiles/cmTC_f8139.dir/CheckSymbolExists.c.o   -c /home/lee/tensorrt-detectron/build/CMakeFiles/CMakeTmp/CheckSymbolExists.c
Linking C executable cmTC_f8139
/usr/local/bin/cmake -E cmake_link_script CMakeFiles/cmTC_f8139.dir/link.txt --verbose=1
/usr/bin/cc -fPIC     -rdynamic CMakeFiles/cmTC_f8139.dir/CheckSymbolExists.c.o  -o cmTC_f8139 
CMakeFiles/cmTC_f8139.dir/CheckSymbolExists.c.o: In function `main':
CheckSymbolExists.c:(.text+0x1b): undefined reference to `pthread_create'
collect2: error: ld returned 1 exit status
CMakeFiles/cmTC_f8139.dir/build.make:86: recipe for target 'cmTC_f8139' failed
make[1]: *** [cmTC_f8139] Error 1
make[1]: 디렉터리 '/home/lee/tensorrt-detectron/build/CMakeFiles/CMakeTmp' 나감
Makefile:121: recipe for target 'cmTC_f8139/fast' failed
make: *** [cmTC_f8139/fast] Error 2

File /home/lee/tensorrt-detectron/build/CMakeFiles/CMakeTmp/CheckSymbolExists.c:
/* */
#include <pthread.h>

int main(int argc, char** argv)
{
  (void)argv;
#ifndef pthread_create
  return ((int*)(&pthread_create))[argc];
#else
  (void)argc;
  return 0;
#endif
}

Determining if the function pthread_create exists in the pthreads failed with the following output:
Change Dir: /home/lee/tensorrt-detectron/build/CMakeFiles/CMakeTmp

Run Build Command(s):/usr/bin/make cmTC_eb691/fast 
/usr/bin/make -f CMakeFiles/cmTC_eb691.dir/build.make CMakeFiles/cmTC_eb691.dir/build
make[1]: 디렉터리 '/home/lee/tensorrt-detectron/build/CMakeFiles/CMakeTmp' 들어감
Building C object CMakeFiles/cmTC_eb691.dir/CheckFunctionExists.c.o
/usr/bin/cc   -fPIC -DCHECK_FUNCTION_EXISTS=pthread_create   -o CMakeFiles/cmTC_eb691.dir/CheckFunctionExists.c.o   -c /usr/local/share/cmake-3.14/Modules/CheckFunctionExists.c
Linking C executable cmTC_eb691
/usr/local/bin/cmake -E cmake_link_script CMakeFiles/cmTC_eb691.dir/link.txt --verbose=1
/usr/bin/cc -fPIC -DCHECK_FUNCTION_EXISTS=pthread_create    -rdynamic CMakeFiles/cmTC_eb691.dir/CheckFunctionExists.c.o  -o cmTC_eb691 -lpthreads 
/usr/bin/x86_64-linux-gnu-ld: cannot find -lpthreads
collect2: error: ld returned 1 exit status
CMakeFiles/cmTC_eb691.dir/build.make:86: recipe for target 'cmTC_eb691' failed
make[1]: *** [cmTC_eb691] Error 1
make[1]: 디렉터리 '/home/lee/tensorrt-detectron/build/CMakeFiles/CMakeTmp' 나감
Makefile:121: recipe for target 'cmTC_eb691/fast' failed
make: *** [cmTC_eb691/fast] Error 2


Determining if the pthread_create exist failed with the following output:
Change Dir: /home/lee/tensorrt-detectron/build/CMakeFiles/CMakeTmp

Run Build Command(s):/usr/bin/make cmTC_92db1/fast 
/usr/bin/make -f CMakeFiles/cmTC_92db1.dir/build.make CMakeFiles/cmTC_92db1.dir/build
make[1]: 디렉터리 '/home/lee/tensorrt-detectron/build/CMakeFiles/CMakeTmp' 들어감
Building C object CMakeFiles/cmTC_92db1.dir/CheckSymbolExists.c.o
/usr/bin/cc   -fPIC    -o CMakeFiles/cmTC_92db1.dir/CheckSymbolExists.c.o   -c /home/lee/tensorrt-detectron/build/CMakeFiles/CMakeTmp/CheckSymbolExists.c
Linking C executable cmTC_92db1
/usr/local/bin/cmake -E cmake_link_script CMakeFiles/cmTC_92db1.dir/link.txt --verbose=1
/usr/bin/cc -fPIC     -rdynamic CMakeFiles/cmTC_92db1.dir/CheckSymbolExists.c.o  -o cmTC_92db1 
CMakeFiles/cmTC_92db1.dir/CheckSymbolExists.c.o: In function `main':
CheckSymbolExists.c:(.text+0x1b): undefined reference to `pthread_create'
collect2: error: ld returned 1 exit status
CMakeFiles/cmTC_92db1.dir/build.make:86: recipe for target 'cmTC_92db1' failed
make[1]: *** [cmTC_92db1] Error 1
make[1]: 디렉터리 '/home/lee/tensorrt-detectron/build/CMakeFiles/CMakeTmp' 나감
Makefile:121: recipe for target 'cmTC_92db1/fast' failed
make: *** [cmTC_92db1/fast] Error 2

File /home/lee/tensorrt-detectron/build/CMakeFiles/CMakeTmp/CheckSymbolExists.c:
/* */
#include <pthread.h>

int main(int argc, char** argv)
{
  (void)argv;
#ifndef pthread_create
  return ((int*)(&pthread_create))[argc];
#else
  (void)argc;
  return 0;
#endif
}

Determining if the function pthread_create exists in the pthreads failed with the following output:
Change Dir: /home/lee/tensorrt-detectron/build/CMakeFiles/CMakeTmp

Run Build Command(s):/usr/bin/make cmTC_ce1a3/fast 
/usr/bin/make -f CMakeFiles/cmTC_ce1a3.dir/build.make CMakeFiles/cmTC_ce1a3.dir/build
make[1]: 디렉터리 '/home/lee/tensorrt-detectron/build/CMakeFiles/CMakeTmp' 들어감
Building C object CMakeFiles/cmTC_ce1a3.dir/CheckFunctionExists.c.o
/usr/bin/cc   -fPIC -DCHECK_FUNCTION_EXISTS=pthread_create   -o CMakeFiles/cmTC_ce1a3.dir/CheckFunctionExists.c.o   -c /usr/local/share/cmake-3.14/Modules/CheckFunctionExists.c
Linking C executable cmTC_ce1a3
/usr/local/bin/cmake -E cmake_link_script CMakeFiles/cmTC_ce1a3.dir/link.txt --verbose=1
/usr/bin/cc -fPIC -DCHECK_FUNCTION_EXISTS=pthread_create    -rdynamic CMakeFiles/cmTC_ce1a3.dir/CheckFunctionExists.c.o  -o cmTC_ce1a3 -lpthreads 
/usr/bin/x86_64-linux-gnu-ld: cannot find -lpthreads
collect2: error: ld returned 1 exit status
CMakeFiles/cmTC_ce1a3.dir/build.make:86: recipe for target 'cmTC_ce1a3' failed
make[1]: *** [cmTC_ce1a3] Error 1
make[1]: 디렉터리 '/home/lee/tensorrt-detectron/build/CMakeFiles/CMakeTmp' 나감
Makefile:121: recipe for target 'cmTC_ce1a3/fast' failed
make: *** [cmTC_ce1a3/fast] Error 2


Determining if the pthread_create exist failed with the following output:
Change Dir: /home/lee/tensorrt-detectron/build/CMakeFiles/CMakeTmp

Run Build Command(s):/usr/bin/make cmTC_1a863/fast 
/usr/bin/make -f CMakeFiles/cmTC_1a863.dir/build.make CMakeFiles/cmTC_1a863.dir/build
make[1]: 디렉터리 '/home/lee/tensorrt-detectron/build/CMakeFiles/CMakeTmp' 들어감
Building C object CMakeFiles/cmTC_1a863.dir/CheckSymbolExists.c.o
/usr/bin/cc   -fPIC    -o CMakeFiles/cmTC_1a863.dir/CheckSymbolExists.c.o   -c /home/lee/tensorrt-detectron/build/CMakeFiles/CMakeTmp/CheckSymbolExists.c
Linking C executable cmTC_1a863
/usr/local/bin/cmake -E cmake_link_script CMakeFiles/cmTC_1a863.dir/link.txt --verbose=1
/usr/bin/cc -fPIC     -rdynamic CMakeFiles/cmTC_1a863.dir/CheckSymbolExists.c.o  -o cmTC_1a863 
CMakeFiles/cmTC_1a863.dir/CheckSymbolExists.c.o: In function `main':
CheckSymbolExists.c:(.text+0x1b): undefined reference to `pthread_create'
collect2: error: ld returned 1 exit status
CMakeFiles/cmTC_1a863.dir/build.make:86: recipe for target 'cmTC_1a863' failed
make[1]: *** [cmTC_1a863] Error 1
make[1]: 디렉터리 '/home/lee/tensorrt-detectron/build/CMakeFiles/CMakeTmp' 나감
Makefile:121: recipe for target 'cmTC_1a863/fast' failed
make: *** [cmTC_1a863/fast] Error 2

File /home/lee/tensorrt-detectron/build/CMakeFiles/CMakeTmp/CheckSymbolExists.c:
/* */
#include <pthread.h>

int main(int argc, char** argv)
{
  (void)argv;
#ifndef pthread_create
  return ((int*)(&pthread_create))[argc];
#else
  (void)argc;
  return 0;
#endif
}

Determining if the function pthread_create exists in the pthreads failed with the following output:
Change Dir: /home/lee/tensorrt-detectron/build/CMakeFiles/CMakeTmp

Run Build Command(s):/usr/bin/make cmTC_f56d6/fast 
/usr/bin/make -f CMakeFiles/cmTC_f56d6.dir/build.make CMakeFiles/cmTC_f56d6.dir/build
make[1]: 디렉터리 '/home/lee/tensorrt-detectron/build/CMakeFiles/CMakeTmp' 들어감
Building C object CMakeFiles/cmTC_f56d6.dir/CheckFunctionExists.c.o
/usr/bin/cc   -fPIC -DCHECK_FUNCTION_EXISTS=pthread_create   -o CMakeFiles/cmTC_f56d6.dir/CheckFunctionExists.c.o   -c /usr/local/share/cmake-3.14/Modules/CheckFunctionExists.c
Linking C executable cmTC_f56d6
/usr/local/bin/cmake -E cmake_link_script CMakeFiles/cmTC_f56d6.dir/link.txt --verbose=1
/usr/bin/cc -fPIC -DCHECK_FUNCTION_EXISTS=pthread_create    -rdynamic CMakeFiles/cmTC_f56d6.dir/CheckFunctionExists.c.o  -o cmTC_f56d6 -lpthreads 
/usr/bin/x86_64-linux-gnu-ld: cannot find -lpthreads
collect2: error: ld returned 1 exit status
CMakeFiles/cmTC_f56d6.dir/build.make:86: recipe for target 'cmTC_f56d6' failed
make[1]: *** [cmTC_f56d6] Error 1
make[1]: 디렉터리 '/home/lee/tensorrt-detectron/build/CMakeFiles/CMakeTmp' 나감
Makefile:121: recipe for target 'cmTC_f56d6/fast' failed
make: *** [cmTC_f56d6/fast] Error 2


Determining if the pthread_create exist failed with the following output:
Change Dir: /home/lee/tensorrt-detectron/build/CMakeFiles/CMakeTmp

Run Build Command(s):/usr/bin/make cmTC_a53de/fast 
/usr/bin/make -f CMakeFiles/cmTC_a53de.dir/build.make CMakeFiles/cmTC_a53de.dir/build
make[1]: 디렉터리 '/home/lee/tensorrt-detectron/build/CMakeFiles/CMakeTmp' 들어감
Building C object CMakeFiles/cmTC_a53de.dir/CheckSymbolExists.c.o
/usr/bin/cc   -fPIC    -o CMakeFiles/cmTC_a53de.dir/CheckSymbolExists.c.o   -c /home/lee/tensorrt-detectron/build/CMakeFiles/CMakeTmp/CheckSymbolExists.c
Linking C executable cmTC_a53de
/usr/local/bin/cmake -E cmake_link_script CMakeFiles/cmTC_a53de.dir/link.txt --verbose=1
/usr/bin/cc -fPIC     -rdynamic CMakeFiles/cmTC_a53de.dir/CheckSymbolExists.c.o  -o cmTC_a53de 
CMakeFiles/cmTC_a53de.dir/CheckSymbolExists.c.o: In function `main':
CheckSymbolExists.c:(.text+0x1b): undefined reference to `pthread_create'
collect2: error: ld returned 1 exit status
CMakeFiles/cmTC_a53de.dir/build.make:86: recipe for target 'cmTC_a53de' failed
make[1]: *** [cmTC_a53de] Error 1
make[1]: 디렉터리 '/home/lee/tensorrt-detectron/build/CMakeFiles/CMakeTmp' 나감
Makefile:121: recipe for target 'cmTC_a53de/fast' failed
make: *** [cmTC_a53de/fast] Error 2

File /home/lee/tensorrt-detectron/build/CMakeFiles/CMakeTmp/CheckSymbolExists.c:
/* */
#include <pthread.h>

int main(int argc, char** argv)
{
  (void)argv;
#ifndef pthread_create
  return ((int*)(&pthread_create))[argc];
#else
  (void)argc;
  return 0;
#endif
}

Determining if the function pthread_create exists in the pthreads failed with the following output:
Change Dir: /home/lee/tensorrt-detectron/build/CMakeFiles/CMakeTmp

Run Build Command(s):/usr/bin/make cmTC_6f51a/fast 
/usr/bin/make -f CMakeFiles/cmTC_6f51a.dir/build.make CMakeFiles/cmTC_6f51a.dir/build
make[1]: 디렉터리 '/home/lee/tensorrt-detectron/build/CMakeFiles/CMakeTmp' 들어감
Building C object CMakeFiles/cmTC_6f51a.dir/CheckFunctionExists.c.o
/usr/bin/cc   -fPIC -DCHECK_FUNCTION_EXISTS=pthread_create   -o CMakeFiles/cmTC_6f51a.dir/CheckFunctionExists.c.o   -c /usr/local/share/cmake-3.14/Modules/CheckFunctionExists.c
Linking C executable cmTC_6f51a
/usr/local/bin/cmake -E cmake_link_script CMakeFiles/cmTC_6f51a.dir/link.txt --verbose=1
/usr/bin/cc -fPIC -DCHECK_FUNCTION_EXISTS=pthread_create    -rdynamic CMakeFiles/cmTC_6f51a.dir/CheckFunctionExists.c.o  -o cmTC_6f51a -lpthreads 
/usr/bin/x86_64-linux-gnu-ld: cannot find -lpthreads
collect2: error: ld returned 1 exit status
CMakeFiles/cmTC_6f51a.dir/build.make:86: recipe for target 'cmTC_6f51a' failed
make[1]: *** [cmTC_6f51a] Error 1
make[1]: 디렉터리 '/home/lee/tensorrt-detectron/build/CMakeFiles/CMakeTmp' 나감
Makefile:121: recipe for target 'cmTC_6f51a/fast' failed
make: *** [cmTC_6f51a/fast] Error 2


Determining if the pthread_create exist failed with the following output:
Change Dir: /home/lee/tensorrt-detectron/build/CMakeFiles/CMakeTmp

Run Build Command(s):/usr/bin/make cmTC_a27d0/fast 
/usr/bin/make -f CMakeFiles/cmTC_a27d0.dir/build.make CMakeFiles/cmTC_a27d0.dir/build
make[1]: 디렉터리 '/home/lee/tensorrt-detectron/build/CMakeFiles/CMakeTmp' 들어감
Building C object CMakeFiles/cmTC_a27d0.dir/CheckSymbolExists.c.o
/usr/bin/cc   -fPIC    -o CMakeFiles/cmTC_a27d0.dir/CheckSymbolExists.c.o   -c /home/lee/tensorrt-detectron/build/CMakeFiles/CMakeTmp/CheckSymbolExists.c
Linking C executable cmTC_a27d0
/usr/local/bin/cmake -E cmake_link_script CMakeFiles/cmTC_a27d0.dir/link.txt --verbose=1
/usr/bin/cc -fPIC     -rdynamic CMakeFiles/cmTC_a27d0.dir/CheckSymbolExists.c.o  -o cmTC_a27d0 
CMakeFiles/cmTC_a27d0.dir/CheckSymbolExists.c.o: In function `main':
CheckSymbolExists.c:(.text+0x1b): undefined reference to `pthread_create'
collect2: error: ld returned 1 exit status
CMakeFiles/cmTC_a27d0.dir/build.make:86: recipe for target 'cmTC_a27d0' failed
make[1]: *** [cmTC_a27d0] Error 1
make[1]: 디렉터리 '/home/lee/tensorrt-detectron/build/CMakeFiles/CMakeTmp' 나감
Makefile:121: recipe for target 'cmTC_a27d0/fast' failed
make: *** [cmTC_a27d0/fast] Error 2

File /home/lee/tensorrt-detectron/build/CMakeFiles/CMakeTmp/CheckSymbolExists.c:
/* */
#include <pthread.h>

int main(int argc, char** argv)
{
  (void)argv;
#ifndef pthread_create
  return ((int*)(&pthread_create))[argc];
#else
  (void)argc;
  return 0;
#endif
}

Determining if the function pthread_create exists in the pthreads failed with the following output:
Change Dir: /home/lee/tensorrt-detectron/build/CMakeFiles/CMakeTmp

Run Build Command(s):/usr/bin/make cmTC_1a963/fast 
/usr/bin/make -f CMakeFiles/cmTC_1a963.dir/build.make CMakeFiles/cmTC_1a963.dir/build
make[1]: 디렉터리 '/home/lee/tensorrt-detectron/build/CMakeFiles/CMakeTmp' 들어감
Building C object CMakeFiles/cmTC_1a963.dir/CheckFunctionExists.c.o
/usr/bin/cc   -fPIC -DCHECK_FUNCTION_EXISTS=pthread_create   -o CMakeFiles/cmTC_1a963.dir/CheckFunctionExists.c.o   -c /usr/local/share/cmake-3.14/Modules/CheckFunctionExists.c
Linking C executable cmTC_1a963
/usr/local/bin/cmake -E cmake_link_script CMakeFiles/cmTC_1a963.dir/link.txt --verbose=1
/usr/bin/cc -fPIC -DCHECK_FUNCTION_EXISTS=pthread_create    -rdynamic CMakeFiles/cmTC_1a963.dir/CheckFunctionExists.c.o  -o cmTC_1a963 -lpthreads 
/usr/bin/x86_64-linux-gnu-ld: cannot find -lpthreads
collect2: error: ld returned 1 exit status
CMakeFiles/cmTC_1a963.dir/build.make:86: recipe for target 'cmTC_1a963' failed
make[1]: *** [cmTC_1a963] Error 1
make[1]: 디렉터리 '/home/lee/tensorrt-detectron/build/CMakeFiles/CMakeTmp' 나감
Makefile:121: recipe for target 'cmTC_1a963/fast' failed
make: *** [cmTC_1a963/fast] Error 2


Determining if the pthread_create exist failed with the following output:
Change Dir: /home/lee/tensorrt-detectron/build/CMakeFiles/CMakeTmp

Run Build Command(s):/usr/bin/make cmTC_759ae/fast 
/usr/bin/make -f CMakeFiles/cmTC_759ae.dir/build.make CMakeFiles/cmTC_759ae.dir/build
make[1]: 디렉터리 '/home/lee/tensorrt-detectron/build/CMakeFiles/CMakeTmp' 들어감
Building C object CMakeFiles/cmTC_759ae.dir/CheckSymbolExists.c.o
/usr/bin/cc   -fPIC    -o CMakeFiles/cmTC_759ae.dir/CheckSymbolExists.c.o   -c /home/lee/tensorrt-detectron/build/CMakeFiles/CMakeTmp/CheckSymbolExists.c
Linking C executable cmTC_759ae
/usr/local/bin/cmake -E cmake_link_script CMakeFiles/cmTC_759ae.dir/link.txt --verbose=1
/usr/bin/cc -fPIC     -rdynamic CMakeFiles/cmTC_759ae.dir/CheckSymbolExists.c.o  -o cmTC_759ae 
CMakeFiles/cmTC_759ae.dir/CheckSymbolExists.c.o: In function `main':
CheckSymbolExists.c:(.text+0x1b): undefined reference to `pthread_create'
collect2: error: ld returned 1 exit status
CMakeFiles/cmTC_759ae.dir/build.make:86: recipe for target 'cmTC_759ae' failed
make[1]: *** [cmTC_759ae] Error 1
make[1]: 디렉터리 '/home/lee/tensorrt-detectron/build/CMakeFiles/CMakeTmp' 나감
Makefile:121: recipe for target 'cmTC_759ae/fast' failed
make: *** [cmTC_759ae/fast] Error 2

File /home/lee/tensorrt-detectron/build/CMakeFiles/CMakeTmp/CheckSymbolExists.c:
/* */
#include <pthread.h>

int main(int argc, char** argv)
{
  (void)argv;
#ifndef pthread_create
  return ((int*)(&pthread_create))[argc];
#else
  (void)argc;
  return 0;
#endif
}

Determining if the function pthread_create exists in the pthreads failed with the following output:
Change Dir: /home/lee/tensorrt-detectron/build/CMakeFiles/CMakeTmp

Run Build Command(s):/usr/bin/make cmTC_06b7b/fast 
/usr/bin/make -f CMakeFiles/cmTC_06b7b.dir/build.make CMakeFiles/cmTC_06b7b.dir/build
make[1]: 디렉터리 '/home/lee/tensorrt-detectron/build/CMakeFiles/CMakeTmp' 들어감
Building C object CMakeFiles/cmTC_06b7b.dir/CheckFunctionExists.c.o
/usr/bin/cc   -fPIC -DCHECK_FUNCTION_EXISTS=pthread_create   -o CMakeFiles/cmTC_06b7b.dir/CheckFunctionExists.c.o   -c /usr/local/share/cmake-3.14/Modules/CheckFunctionExists.c
Linking C executable cmTC_06b7b
/usr/local/bin/cmake -E cmake_link_script CMakeFiles/cmTC_06b7b.dir/link.txt --verbose=1
/usr/bin/cc -fPIC -DCHECK_FUNCTION_EXISTS=pthread_create    -rdynamic CMakeFiles/cmTC_06b7b.dir/CheckFunctionExists.c.o  -o cmTC_06b7b -lpthreads 
/usr/bin/x86_64-linux-gnu-ld: cannot find -lpthreads
collect2: error: ld returned 1 exit status
CMakeFiles/cmTC_06b7b.dir/build.make:86: recipe for target 'cmTC_06b7b' failed
make[1]: *** [cmTC_06b7b] Error 1
make[1]: 디렉터리 '/home/lee/tensorrt-detectron/build/CMakeFiles/CMakeTmp' 나감
Makefile:121: recipe for target 'cmTC_06b7b/fast' failed
make: *** [cmTC_06b7b/fast] Error 2


Determining if the pthread_create exist failed with the following output:
Change Dir: /home/lee/tensorrt-detectron/build/CMakeFiles/CMakeTmp

Run Build Command(s):/usr/bin/make cmTC_0c9a5/fast 
/usr/bin/make -f CMakeFiles/cmTC_0c9a5.dir/build.make CMakeFiles/cmTC_0c9a5.dir/build
make[1]: 디렉터리 '/home/lee/tensorrt-detectron/build/CMakeFiles/CMakeTmp' 들어감
Building C object CMakeFiles/cmTC_0c9a5.dir/CheckSymbolExists.c.o
/usr/bin/cc   -fPIC    -o CMakeFiles/cmTC_0c9a5.dir/CheckSymbolExists.c.o   -c /home/lee/tensorrt-detectron/build/CMakeFiles/CMakeTmp/CheckSymbolExists.c
Linking C executable cmTC_0c9a5
/usr/local/bin/cmake -E cmake_link_script CMakeFiles/cmTC_0c9a5.dir/link.txt --verbose=1
/usr/bin/cc -fPIC     -rdynamic CMakeFiles/cmTC_0c9a5.dir/CheckSymbolExists.c.o  -o cmTC_0c9a5 
CMakeFiles/cmTC_0c9a5.dir/CheckSymbolExists.c.o: In function `main':
CheckSymbolExists.c:(.text+0x1b): undefined reference to `pthread_create'
collect2: error: ld returned 1 exit status
CMakeFiles/cmTC_0c9a5.dir/build.make:86: recipe for target 'cmTC_0c9a5' failed
make[1]: *** [cmTC_0c9a5] Error 1
make[1]: 디렉터리 '/home/lee/tensorrt-detectron/build/CMakeFiles/CMakeTmp' 나감
Makefile:121: recipe for target 'cmTC_0c9a5/fast' failed
make: *** [cmTC_0c9a5/fast] Error 2

File /home/lee/tensorrt-detectron/build/CMakeFiles/CMakeTmp/CheckSymbolExists.c:
/* */
#include <pthread.h>

int main(int argc, char** argv)
{
  (void)argv;
#ifndef pthread_create
  return ((int*)(&pthread_create))[argc];
#else
  (void)argc;
  return 0;
#endif
}

Determining if the function pthread_create exists in the pthreads failed with the following output:
Change Dir: /home/lee/tensorrt-detectron/build/CMakeFiles/CMakeTmp

Run Build Command(s):/usr/bin/make cmTC_01147/fast 
/usr/bin/make -f CMakeFiles/cmTC_01147.dir/build.make CMakeFiles/cmTC_01147.dir/build
make[1]: 디렉터리 '/home/lee/tensorrt-detectron/build/CMakeFiles/CMakeTmp' 들어감
Building C object CMakeFiles/cmTC_01147.dir/CheckFunctionExists.c.o
/usr/bin/cc   -fPIC -DCHECK_FUNCTION_EXISTS=pthread_create   -o CMakeFiles/cmTC_01147.dir/CheckFunctionExists.c.o   -c /usr/local/share/cmake-3.14/Modules/CheckFunctionExists.c
Linking C executable cmTC_01147
/usr/local/bin/cmake -E cmake_link_script CMakeFiles/cmTC_01147.dir/link.txt --verbose=1
/usr/bin/cc -fPIC -DCHECK_FUNCTION_EXISTS=pthread_create    -rdynamic CMakeFiles/cmTC_01147.dir/CheckFunctionExists.c.o  -o cmTC_01147 -lpthreads 
/usr/bin/x86_64-linux-gnu-ld: cannot find -lpthreads
collect2: error: ld returned 1 exit status
CMakeFiles/cmTC_01147.dir/build.make:86: recipe for target 'cmTC_01147' failed
make[1]: *** [cmTC_01147] Error 1
make[1]: 디렉터리 '/home/lee/tensorrt-detectron/build/CMakeFiles/CMakeTmp' 나감
Makefile:121: recipe for target 'cmTC_01147/fast' failed
make: *** [cmTC_01147/fast] Error 2


Determining if the pthread_create exist failed with the following output:
Change Dir: /home/lee/tensorrt-detectron/build/CMakeFiles/CMakeTmp

Run Build Command(s):/usr/bin/make cmTC_9405d/fast 
/usr/bin/make -f CMakeFiles/cmTC_9405d.dir/build.make CMakeFiles/cmTC_9405d.dir/build
make[1]: 디렉터리 '/home/lee/tensorrt-detectron/build/CMakeFiles/CMakeTmp' 들어감
Building C object CMakeFiles/cmTC_9405d.dir/CheckSymbolExists.c.o
/usr/bin/cc   -fPIC    -o CMakeFiles/cmTC_9405d.dir/CheckSymbolExists.c.o   -c /home/lee/tensorrt-detectron/build/CMakeFiles/CMakeTmp/CheckSymbolExists.c
Linking C executable cmTC_9405d
/usr/local/bin/cmake -E cmake_link_script CMakeFiles/cmTC_9405d.dir/link.txt --verbose=1
/usr/bin/cc -fPIC     -rdynamic CMakeFiles/cmTC_9405d.dir/CheckSymbolExists.c.o  -o cmTC_9405d 
CMakeFiles/cmTC_9405d.dir/CheckSymbolExists.c.o: In function `main':
CheckSymbolExists.c:(.text+0x1b): undefined reference to `pthread_create'
collect2: error: ld returned 1 exit status
CMakeFiles/cmTC_9405d.dir/build.make:86: recipe for target 'cmTC_9405d' failed
make[1]: *** [cmTC_9405d] Error 1
make[1]: 디렉터리 '/home/lee/tensorrt-detectron/build/CMakeFiles/CMakeTmp' 나감
Makefile:121: recipe for target 'cmTC_9405d/fast' failed
make: *** [cmTC_9405d/fast] Error 2

File /home/lee/tensorrt-detectron/build/CMakeFiles/CMakeTmp/CheckSymbolExists.c:
/* */
#include <pthread.h>

int main(int argc, char** argv)
{
  (void)argv;
#ifndef pthread_create
  return ((int*)(&pthread_create))[argc];
#else
  (void)argc;
  return 0;
#endif
}

Determining if the function pthread_create exists in the pthreads failed with the following output:
Change Dir: /home/lee/tensorrt-detectron/build/CMakeFiles/CMakeTmp

Run Build Command(s):/usr/bin/make cmTC_c4ba2/fast 
/usr/bin/make -f CMakeFiles/cmTC_c4ba2.dir/build.make CMakeFiles/cmTC_c4ba2.dir/build
make[1]: 디렉터리 '/home/lee/tensorrt-detectron/build/CMakeFiles/CMakeTmp' 들어감
Building C object CMakeFiles/cmTC_c4ba2.dir/CheckFunctionExists.c.o
/usr/bin/cc   -fPIC -DCHECK_FUNCTION_EXISTS=pthread_create   -o CMakeFiles/cmTC_c4ba2.dir/CheckFunctionExists.c.o   -c /usr/local/share/cmake-3.14/Modules/CheckFunctionExists.c
Linking C executable cmTC_c4ba2
/usr/local/bin/cmake -E cmake_link_script CMakeFiles/cmTC_c4ba2.dir/link.txt --verbose=1
/usr/bin/cc -fPIC -DCHECK_FUNCTION_EXISTS=pthread_create    -rdynamic CMakeFiles/cmTC_c4ba2.dir/CheckFunctionExists.c.o  -o cmTC_c4ba2 -lpthreads 
/usr/bin/x86_64-linux-gnu-ld: cannot find -lpthreads
collect2: error: ld returned 1 exit status
CMakeFiles/cmTC_c4ba2.dir/build.make:86: recipe for target 'cmTC_c4ba2' failed
make[1]: *** [cmTC_c4ba2] Error 1
make[1]: 디렉터리 '/home/lee/tensorrt-detectron/build/CMakeFiles/CMakeTmp' 나감
Makefile:121: recipe for target 'cmTC_c4ba2/fast' failed
make: *** [cmTC_c4ba2/fast] Error 2


Determining if the pthread_create exist failed with the following output:
Change Dir: /home/lee/tensorrt-detectron/build/CMakeFiles/CMakeTmp

Run Build Command(s):/usr/bin/make cmTC_a6f39/fast 
/usr/bin/make -f CMakeFiles/cmTC_a6f39.dir/build.make CMakeFiles/cmTC_a6f39.dir/build
make[1]: 디렉터리 '/home/lee/tensorrt-detectron/build/CMakeFiles/CMakeTmp' 들어감
Building C object CMakeFiles/cmTC_a6f39.dir/CheckSymbolExists.c.o
/usr/bin/cc   -fPIC    -o CMakeFiles/cmTC_a6f39.dir/CheckSymbolExists.c.o   -c /home/lee/tensorrt-detectron/build/CMakeFiles/CMakeTmp/CheckSymbolExists.c
Linking C executable cmTC_a6f39
/usr/local/bin/cmake -E cmake_link_script CMakeFiles/cmTC_a6f39.dir/link.txt --verbose=1
/usr/bin/cc -fPIC     -rdynamic CMakeFiles/cmTC_a6f39.dir/CheckSymbolExists.c.o  -o cmTC_a6f39 
CMakeFiles/cmTC_a6f39.dir/CheckSymbolExists.c.o: In function `main':
CheckSymbolExists.c:(.text+0x1b): undefined reference to `pthread_create'
collect2: error: ld returned 1 exit status
CMakeFiles/cmTC_a6f39.dir/build.make:86: recipe for target 'cmTC_a6f39' failed
make[1]: *** [cmTC_a6f39] Error 1
make[1]: 디렉터리 '/home/lee/tensorrt-detectron/build/CMakeFiles/CMakeTmp' 나감
Makefile:121: recipe for target 'cmTC_a6f39/fast' failed
make: *** [cmTC_a6f39/fast] Error 2

File /home/lee/tensorrt-detectron/build/CMakeFiles/CMakeTmp/CheckSymbolExists.c:
/* */
#include <pthread.h>

int main(int argc, char** argv)
{
  (void)argv;
#ifndef pthread_create
  return ((int*)(&pthread_create))[argc];
#else
  (void)argc;
  return 0;
#endif
}

Determining if the function pthread_create exists in the pthreads failed with the following output:
Change Dir: /home/lee/tensorrt-detectron/build/CMakeFiles/CMakeTmp

Run Build Command(s):/usr/bin/make cmTC_d9394/fast 
/usr/bin/make -f CMakeFiles/cmTC_d9394.dir/build.make CMakeFiles/cmTC_d9394.dir/build
make[1]: 디렉터리 '/home/lee/tensorrt-detectron/build/CMakeFiles/CMakeTmp' 들어감
Building C object CMakeFiles/cmTC_d9394.dir/CheckFunctionExists.c.o
/usr/bin/cc   -fPIC -DCHECK_FUNCTION_EXISTS=pthread_create   -o CMakeFiles/cmTC_d9394.dir/CheckFunctionExists.c.o   -c /usr/local/share/cmake-3.14/Modules/CheckFunctionExists.c
Linking C executable cmTC_d9394
/usr/local/bin/cmake -E cmake_link_script CMakeFiles/cmTC_d9394.dir/link.txt --verbose=1
/usr/bin/cc -fPIC -DCHECK_FUNCTION_EXISTS=pthread_create    -rdynamic CMakeFiles/cmTC_d9394.dir/CheckFunctionExists.c.o  -o cmTC_d9394 -lpthreads 
/usr/bin/x86_64-linux-gnu-ld: cannot find -lpthreads
collect2: error: ld returned 1 exit status
CMakeFiles/cmTC_d9394.dir/build.make:86: recipe for target 'cmTC_d9394' failed
make[1]: *** [cmTC_d9394] Error 1
make[1]: 디렉터리 '/home/lee/tensorrt-detectron/build/CMakeFiles/CMakeTmp' 나감
Makefile:121: recipe for target 'cmTC_d9394/fast' failed
make: *** [cmTC_d9394/fast] Error 2


Determining if the pthread_create exist failed with the following output:
Change Dir: /home/lee/tensorrt-detectron/build/CMakeFiles/CMakeTmp

Run Build Command(s):/usr/bin/make cmTC_24fae/fast 
/usr/bin/make -f CMakeFiles/cmTC_24fae.dir/build.make CMakeFiles/cmTC_24fae.dir/build
make[1]: 디렉터리 '/home/lee/tensorrt-detectron/build/CMakeFiles/CMakeTmp' 들어감
Building C object CMakeFiles/cmTC_24fae.dir/CheckSymbolExists.c.o
/usr/bin/cc   -fPIC    -o CMakeFiles/cmTC_24fae.dir/CheckSymbolExists.c.o   -c /home/lee/tensorrt-detectron/build/CMakeFiles/CMakeTmp/CheckSymbolExists.c
Linking C executable cmTC_24fae
/usr/local/bin/cmake -E cmake_link_script CMakeFiles/cmTC_24fae.dir/link.txt --verbose=1
/usr/bin/cc -fPIC     -rdynamic CMakeFiles/cmTC_24fae.dir/CheckSymbolExists.c.o  -o cmTC_24fae 
CMakeFiles/cmTC_24fae.dir/CheckSymbolExists.c.o: In function `main':
CheckSymbolExists.c:(.text+0x1b): undefined reference to `pthread_create'
collect2: error: ld returned 1 exit status
CMakeFiles/cmTC_24fae.dir/build.make:86: recipe for target 'cmTC_24fae' failed
make[1]: *** [cmTC_24fae] Error 1
make[1]: 디렉터리 '/home/lee/tensorrt-detectron/build/CMakeFiles/CMakeTmp' 나감
Makefile:121: recipe for target 'cmTC_24fae/fast' failed
make: *** [cmTC_24fae/fast] Error 2

File /home/lee/tensorrt-detectron/build/CMakeFiles/CMakeTmp/CheckSymbolExists.c:
/* */
#include <pthread.h>

int main(int argc, char** argv)
{
  (void)argv;
#ifndef pthread_create
  return ((int*)(&pthread_create))[argc];
#else
  (void)argc;
  return 0;
#endif
}

Determining if the function pthread_create exists in the pthreads failed with the following output:
Change Dir: /home/lee/tensorrt-detectron/build/CMakeFiles/CMakeTmp

Run Build Command(s):/usr/bin/make cmTC_0cd9b/fast 
/usr/bin/make -f CMakeFiles/cmTC_0cd9b.dir/build.make CMakeFiles/cmTC_0cd9b.dir/build
make[1]: 디렉터리 '/home/lee/tensorrt-detectron/build/CMakeFiles/CMakeTmp' 들어감
Building C object CMakeFiles/cmTC_0cd9b.dir/CheckFunctionExists.c.o
/usr/bin/cc   -fPIC -DCHECK_FUNCTION_EXISTS=pthread_create   -o CMakeFiles/cmTC_0cd9b.dir/CheckFunctionExists.c.o   -c /usr/local/share/cmake-3.14/Modules/CheckFunctionExists.c
Linking C executable cmTC_0cd9b
/usr/local/bin/cmake -E cmake_link_script CMakeFiles/cmTC_0cd9b.dir/link.txt --verbose=1
/usr/bin/cc -fPIC -DCHECK_FUNCTION_EXISTS=pthread_create    -rdynamic CMakeFiles/cmTC_0cd9b.dir/CheckFunctionExists.c.o  -o cmTC_0cd9b -lpthreads 
/usr/bin/x86_64-linux-gnu-ld: cannot find -lpthreads
collect2: error: ld returned 1 exit status
CMakeFiles/cmTC_0cd9b.dir/build.make:86: recipe for target 'cmTC_0cd9b' failed
make[1]: *** [cmTC_0cd9b] Error 1
make[1]: 디렉터리 '/home/lee/tensorrt-detectron/build/CMakeFiles/CMakeTmp' 나감
Makefile:121: recipe for target 'cmTC_0cd9b/fast' failed
make: *** [cmTC_0cd9b/fast] Error 2


Determining if the pthread_create exist failed with the following output:
Change Dir: /home/lee/tensorrt-detectron/build/CMakeFiles/CMakeTmp

Run Build Command(s):/usr/bin/make cmTC_762e5/fast 
/usr/bin/make -f CMakeFiles/cmTC_762e5.dir/build.make CMakeFiles/cmTC_762e5.dir/build
make[1]: 디렉터리 '/home/lee/tensorrt-detectron/build/CMakeFiles/CMakeTmp' 들어감
Building C object CMakeFiles/cmTC_762e5.dir/CheckSymbolExists.c.o
/usr/bin/cc   -fPIC    -o CMakeFiles/cmTC_762e5.dir/CheckSymbolExists.c.o   -c /home/lee/tensorrt-detectron/build/CMakeFiles/CMakeTmp/CheckSymbolExists.c
Linking C executable cmTC_762e5
/usr/local/bin/cmake -E cmake_link_script CMakeFiles/cmTC_762e5.dir/link.txt --verbose=1
/usr/bin/cc -fPIC     -rdynamic CMakeFiles/cmTC_762e5.dir/CheckSymbolExists.c.o  -o cmTC_762e5 
CMakeFiles/cmTC_762e5.dir/CheckSymbolExists.c.o: In function `main':
CheckSymbolExists.c:(.text+0x1b): undefined reference to `pthread_create'
collect2: error: ld returned 1 exit status
CMakeFiles/cmTC_762e5.dir/build.make:86: recipe for target 'cmTC_762e5' failed
make[1]: *** [cmTC_762e5] Error 1
make[1]: 디렉터리 '/home/lee/tensorrt-detectron/build/CMakeFiles/CMakeTmp' 나감
Makefile:121: recipe for target 'cmTC_762e5/fast' failed
make: *** [cmTC_762e5/fast] Error 2

File /home/lee/tensorrt-detectron/build/CMakeFiles/CMakeTmp/CheckSymbolExists.c:
/* */
#include <pthread.h>

int main(int argc, char** argv)
{
  (void)argv;
#ifndef pthread_create
  return ((int*)(&pthread_create))[argc];
#else
  (void)argc;
  return 0;
#endif
}

Determining if the function pthread_create exists in the pthreads failed with the following output:
Change Dir: /home/lee/tensorrt-detectron/build/CMakeFiles/CMakeTmp

Run Build Command(s):/usr/bin/make cmTC_f5fe4/fast 
/usr/bin/make -f CMakeFiles/cmTC_f5fe4.dir/build.make CMakeFiles/cmTC_f5fe4.dir/build
make[1]: 디렉터리 '/home/lee/tensorrt-detectron/build/CMakeFiles/CMakeTmp' 들어감
Building C object CMakeFiles/cmTC_f5fe4.dir/CheckFunctionExists.c.o
/usr/bin/cc   -fPIC -DCHECK_FUNCTION_EXISTS=pthread_create   -o CMakeFiles/cmTC_f5fe4.dir/CheckFunctionExists.c.o   -c /usr/local/share/cmake-3.14/Modules/CheckFunctionExists.c
Linking C executable cmTC_f5fe4
/usr/local/bin/cmake -E cmake_link_script CMakeFiles/cmTC_f5fe4.dir/link.txt --verbose=1
/usr/bin/cc -fPIC -DCHECK_FUNCTION_EXISTS=pthread_create    -rdynamic CMakeFiles/cmTC_f5fe4.dir/CheckFunctionExists.c.o  -o cmTC_f5fe4 -lpthreads 
/usr/bin/x86_64-linux-gnu-ld: cannot find -lpthreads
collect2: error: ld returned 1 exit status
CMakeFiles/cmTC_f5fe4.dir/build.make:86: recipe for target 'cmTC_f5fe4' failed
make[1]: *** [cmTC_f5fe4] Error 1
make[1]: 디렉터리 '/home/lee/tensorrt-detectron/build/CMakeFiles/CMakeTmp' 나감
Makefile:121: recipe for target 'cmTC_f5fe4/fast' failed
make: *** [cmTC_f5fe4/fast] Error 2


Determining if the pthread_create exist failed with the following output:
Change Dir: /home/lee/tensorrt-detectron/build/CMakeFiles/CMakeTmp

Run Build Command(s):/usr/bin/make cmTC_a2b31/fast 
/usr/bin/make -f CMakeFiles/cmTC_a2b31.dir/build.make CMakeFiles/cmTC_a2b31.dir/build
make[1]: 디렉터리 '/home/lee/tensorrt-detectron/build/CMakeFiles/CMakeTmp' 들어감
Building C object CMakeFiles/cmTC_a2b31.dir/CheckSymbolExists.c.o
/usr/bin/cc   -fPIC    -o CMakeFiles/cmTC_a2b31.dir/CheckSymbolExists.c.o   -c /home/lee/tensorrt-detectron/build/CMakeFiles/CMakeTmp/CheckSymbolExists.c
Linking C executable cmTC_a2b31
/usr/local/bin/cmake -E cmake_link_script CMakeFiles/cmTC_a2b31.dir/link.txt --verbose=1
/usr/bin/cc -fPIC     -rdynamic CMakeFiles/cmTC_a2b31.dir/CheckSymbolExists.c.o  -o cmTC_a2b31 
CMakeFiles/cmTC_a2b31.dir/CheckSymbolExists.c.o: In function `main':
CheckSymbolExists.c:(.text+0x1b): undefined reference to `pthread_create'
collect2: error: ld returned 1 exit status
CMakeFiles/cmTC_a2b31.dir/build.make:86: recipe for target 'cmTC_a2b31' failed
make[1]: *** [cmTC_a2b31] Error 1
make[1]: 디렉터리 '/home/lee/tensorrt-detectron/build/CMakeFiles/CMakeTmp' 나감
Makefile:121: recipe for target 'cmTC_a2b31/fast' failed
make: *** [cmTC_a2b31/fast] Error 2

File /home/lee/tensorrt-detectron/build/CMakeFiles/CMakeTmp/CheckSymbolExists.c:
/* */
#include <pthread.h>

int main(int argc, char** argv)
{
  (void)argv;
#ifndef pthread_create
  return ((int*)(&pthread_create))[argc];
#else
  (void)argc;
  return 0;
#endif
}

Determining if the function pthread_create exists in the pthreads failed with the following output:
Change Dir: /home/lee/tensorrt-detectron/build/CMakeFiles/CMakeTmp

Run Build Command(s):/usr/bin/make cmTC_c3832/fast 
/usr/bin/make -f CMakeFiles/cmTC_c3832.dir/build.make CMakeFiles/cmTC_c3832.dir/build
make[1]: 디렉터리 '/home/lee/tensorrt-detectron/build/CMakeFiles/CMakeTmp' 들어감
Building C object CMakeFiles/cmTC_c3832.dir/CheckFunctionExists.c.o
/usr/bin/cc   -fPIC -DCHECK_FUNCTION_EXISTS=pthread_create   -o CMakeFiles/cmTC_c3832.dir/CheckFunctionExists.c.o   -c /usr/local/share/cmake-3.14/Modules/CheckFunctionExists.c
Linking C executable cmTC_c3832
/usr/local/bin/cmake -E cmake_link_script CMakeFiles/cmTC_c3832.dir/link.txt --verbose=1
/usr/bin/cc -fPIC -DCHECK_FUNCTION_EXISTS=pthread_create    -rdynamic CMakeFiles/cmTC_c3832.dir/CheckFunctionExists.c.o  -o cmTC_c3832 -lpthreads 
/usr/bin/x86_64-linux-gnu-ld: cannot find -lpthreads
collect2: error: ld returned 1 exit status
CMakeFiles/cmTC_c3832.dir/build.make:86: recipe for target 'cmTC_c3832' failed
make[1]: *** [cmTC_c3832] Error 1
make[1]: 디렉터리 '/home/lee/tensorrt-detectron/build/CMakeFiles/CMakeTmp' 나감
Makefile:121: recipe for target 'cmTC_c3832/fast' failed
make: *** [cmTC_c3832/fast] Error 2


Determining if the pthread_create exist failed with the following output:
Change Dir: /home/lee/tensorrt-detectron/build/CMakeFiles/CMakeTmp

Run Build Command(s):/usr/bin/make cmTC_0e4a4/fast 
/usr/bin/make -f CMakeFiles/cmTC_0e4a4.dir/build.make CMakeFiles/cmTC_0e4a4.dir/build
make[1]: 디렉터리 '/home/lee/tensorrt-detectron/build/CMakeFiles/CMakeTmp' 들어감
Building C object CMakeFiles/cmTC_0e4a4.dir/CheckSymbolExists.c.o
/usr/bin/cc   -fPIC    -o CMakeFiles/cmTC_0e4a4.dir/CheckSymbolExists.c.o   -c /home/lee/tensorrt-detectron/build/CMakeFiles/CMakeTmp/CheckSymbolExists.c
Linking C executable cmTC_0e4a4
/usr/local/bin/cmake -E cmake_link_script CMakeFiles/cmTC_0e4a4.dir/link.txt --verbose=1
/usr/bin/cc -fPIC     -rdynamic CMakeFiles/cmTC_0e4a4.dir/CheckSymbolExists.c.o  -o cmTC_0e4a4 
CMakeFiles/cmTC_0e4a4.dir/CheckSymbolExists.c.o: In function `main':
CheckSymbolExists.c:(.text+0x1b): undefined reference to `pthread_create'
collect2: error: ld returned 1 exit status
CMakeFiles/cmTC_0e4a4.dir/build.make:86: recipe for target 'cmTC_0e4a4' failed
make[1]: *** [cmTC_0e4a4] Error 1
make[1]: 디렉터리 '/home/lee/tensorrt-detectron/build/CMakeFiles/CMakeTmp' 나감
Makefile:121: recipe for target 'cmTC_0e4a4/fast' failed
make: *** [cmTC_0e4a4/fast] Error 2

File /home/lee/tensorrt-detectron/build/CMakeFiles/CMakeTmp/CheckSymbolExists.c:
/* */
#include <pthread.h>

int main(int argc, char** argv)
{
  (void)argv;
#ifndef pthread_create
  return ((int*)(&pthread_create))[argc];
#else
  (void)argc;
  return 0;
#endif
}

Determining if the function pthread_create exists in the pthreads failed with the following output:
Change Dir: /home/lee/tensorrt-detectron/build/CMakeFiles/CMakeTmp

Run Build Command(s):/usr/bin/make cmTC_1a4ac/fast 
/usr/bin/make -f CMakeFiles/cmTC_1a4ac.dir/build.make CMakeFiles/cmTC_1a4ac.dir/build
make[1]: 디렉터리 '/home/lee/tensorrt-detectron/build/CMakeFiles/CMakeTmp' 들어감
Building C object CMakeFiles/cmTC_1a4ac.dir/CheckFunctionExists.c.o
/usr/bin/cc   -fPIC -DCHECK_FUNCTION_EXISTS=pthread_create   -o CMakeFiles/cmTC_1a4ac.dir/CheckFunctionExists.c.o   -c /usr/local/share/cmake-3.14/Modules/CheckFunctionExists.c
Linking C executable cmTC_1a4ac
/usr/local/bin/cmake -E cmake_link_script CMakeFiles/cmTC_1a4ac.dir/link.txt --verbose=1
/usr/bin/cc -fPIC -DCHECK_FUNCTION_EXISTS=pthread_create    -rdynamic CMakeFiles/cmTC_1a4ac.dir/CheckFunctionExists.c.o  -o cmTC_1a4ac -lpthreads 
/usr/bin/x86_64-linux-gnu-ld: cannot find -lpthreads
collect2: error: ld returned 1 exit status
CMakeFiles/cmTC_1a4ac.dir/build.make:86: recipe for target 'cmTC_1a4ac' failed
make[1]: *** [cmTC_1a4ac] Error 1
make[1]: 디렉터리 '/home/lee/tensorrt-detectron/build/CMakeFiles/CMakeTmp' 나감
Makefile:121: recipe for target 'cmTC_1a4ac/fast' failed
make: *** [cmTC_1a4ac/fast] Error 2


Determining if the pthread_create exist failed with the following output:
Change Dir: /home/lee/tensorrt-detectron/build/CMakeFiles/CMakeTmp

Run Build Command(s):/usr/bin/make cmTC_3b9a6/fast 
/usr/bin/make -f CMakeFiles/cmTC_3b9a6.dir/build.make CMakeFiles/cmTC_3b9a6.dir/build
make[1]: 디렉터리 '/home/lee/tensorrt-detectron/build/CMakeFiles/CMakeTmp' 들어감
Building C object CMakeFiles/cmTC_3b9a6.dir/CheckSymbolExists.c.o
/usr/bin/cc   -fPIC    -o CMakeFiles/cmTC_3b9a6.dir/CheckSymbolExists.c.o   -c /home/lee/tensorrt-detectron/build/CMakeFiles/CMakeTmp/CheckSymbolExists.c
Linking C executable cmTC_3b9a6
/usr/local/bin/cmake -E cmake_link_script CMakeFiles/cmTC_3b9a6.dir/link.txt --verbose=1
/usr/bin/cc -fPIC     -rdynamic CMakeFiles/cmTC_3b9a6.dir/CheckSymbolExists.c.o  -o cmTC_3b9a6 
CMakeFiles/cmTC_3b9a6.dir/CheckSymbolExists.c.o: In function `main':
CheckSymbolExists.c:(.text+0x1b): undefined reference to `pthread_create'
collect2: error: ld returned 1 exit status
CMakeFiles/cmTC_3b9a6.dir/build.make:86: recipe for target 'cmTC_3b9a6' failed
make[1]: *** [cmTC_3b9a6] Error 1
make[1]: 디렉터리 '/home/lee/tensorrt-detectron/build/CMakeFiles/CMakeTmp' 나감
Makefile:121: recipe for target 'cmTC_3b9a6/fast' failed
make: *** [cmTC_3b9a6/fast] Error 2

File /home/lee/tensorrt-detectron/build/CMakeFiles/CMakeTmp/CheckSymbolExists.c:
/* */
#include <pthread.h>

int main(int argc, char** argv)
{
  (void)argv;
#ifndef pthread_create
  return ((int*)(&pthread_create))[argc];
#else
  (void)argc;
  return 0;
#endif
}

Determining if the function pthread_create exists in the pthreads failed with the following output:
Change Dir: /home/lee/tensorrt-detectron/build/CMakeFiles/CMakeTmp

Run Build Command(s):/usr/bin/make cmTC_546b7/fast 
/usr/bin/make -f CMakeFiles/cmTC_546b7.dir/build.make CMakeFiles/cmTC_546b7.dir/build
make[1]: 디렉터리 '/home/lee/tensorrt-detectron/build/CMakeFiles/CMakeTmp' 들어감
Building C object CMakeFiles/cmTC_546b7.dir/CheckFunctionExists.c.o
/usr/bin/cc   -fPIC -DCHECK_FUNCTION_EXISTS=pthread_create   -o CMakeFiles/cmTC_546b7.dir/CheckFunctionExists.c.o   -c /usr/local/share/cmake-3.14/Modules/CheckFunctionExists.c
Linking C executable cmTC_546b7
/usr/local/bin/cmake -E cmake_link_script CMakeFiles/cmTC_546b7.dir/link.txt --verbose=1
/usr/bin/cc -fPIC -DCHECK_FUNCTION_EXISTS=pthread_create    -rdynamic CMakeFiles/cmTC_546b7.dir/CheckFunctionExists.c.o  -o cmTC_546b7 -lpthreads 
/usr/bin/x86_64-linux-gnu-ld: cannot find -lpthreads
collect2: error: ld returned 1 exit status
CMakeFiles/cmTC_546b7.dir/build.make:86: recipe for target 'cmTC_546b7' failed
make[1]: *** [cmTC_546b7] Error 1
make[1]: 디렉터리 '/home/lee/tensorrt-detectron/build/CMakeFiles/CMakeTmp' 나감
Makefile:121: recipe for target 'cmTC_546b7/fast' failed
make: *** [cmTC_546b7/fast] Error 2


Determining if the pthread_create exist failed with the following output:
Change Dir: /home/lee/tensorrt-detectron/build/CMakeFiles/CMakeTmp

Run Build Command(s):/usr/bin/make cmTC_50af6/fast 
/usr/bin/make -f CMakeFiles/cmTC_50af6.dir/build.make CMakeFiles/cmTC_50af6.dir/build
make[1]: 디렉터리 '/home/lee/tensorrt-detectron/build/CMakeFiles/CMakeTmp' 들어감
Building C object CMakeFiles/cmTC_50af6.dir/CheckSymbolExists.c.o
/usr/bin/cc   -fPIC    -o CMakeFiles/cmTC_50af6.dir/CheckSymbolExists.c.o   -c /home/lee/tensorrt-detectron/build/CMakeFiles/CMakeTmp/CheckSymbolExists.c
Linking C executable cmTC_50af6
/usr/local/bin/cmake -E cmake_link_script CMakeFiles/cmTC_50af6.dir/link.txt --verbose=1
/usr/bin/cc -fPIC     -rdynamic CMakeFiles/cmTC_50af6.dir/CheckSymbolExists.c.o  -o cmTC_50af6 
CMakeFiles/cmTC_50af6.dir/CheckSymbolExists.c.o: In function `main':
CheckSymbolExists.c:(.text+0x1b): undefined reference to `pthread_create'
collect2: error: ld returned 1 exit status
CMakeFiles/cmTC_50af6.dir/build.make:86: recipe for target 'cmTC_50af6' failed
make[1]: *** [cmTC_50af6] Error 1
make[1]: 디렉터리 '/home/lee/tensorrt-detectron/build/CMakeFiles/CMakeTmp' 나감
Makefile:121: recipe for target 'cmTC_50af6/fast' failed
make: *** [cmTC_50af6/fast] Error 2

File /home/lee/tensorrt-detectron/build/CMakeFiles/CMakeTmp/CheckSymbolExists.c:
/* */
#include <pthread.h>

int main(int argc, char** argv)
{
  (void)argv;
#ifndef pthread_create
  return ((int*)(&pthread_create))[argc];
#else
  (void)argc;
  return 0;
#endif
}

Determining if the function pthread_create exists in the pthreads failed with the following output:
Change Dir: /home/lee/tensorrt-detectron/build/CMakeFiles/CMakeTmp

Run Build Command(s):/usr/bin/make cmTC_7a7d6/fast 
/usr/bin/make -f CMakeFiles/cmTC_7a7d6.dir/build.make CMakeFiles/cmTC_7a7d6.dir/build
make[1]: 디렉터리 '/home/lee/tensorrt-detectron/build/CMakeFiles/CMakeTmp' 들어감
Building C object CMakeFiles/cmTC_7a7d6.dir/CheckFunctionExists.c.o
/usr/bin/cc   -fPIC -DCHECK_FUNCTION_EXISTS=pthread_create   -o CMakeFiles/cmTC_7a7d6.dir/CheckFunctionExists.c.o   -c /usr/local/share/cmake-3.14/Modules/CheckFunctionExists.c
Linking C executable cmTC_7a7d6
/usr/local/bin/cmake -E cmake_link_script CMakeFiles/cmTC_7a7d6.dir/link.txt --verbose=1
/usr/bin/cc -fPIC -DCHECK_FUNCTION_EXISTS=pthread_create    -rdynamic CMakeFiles/cmTC_7a7d6.dir/CheckFunctionExists.c.o  -o cmTC_7a7d6 -lpthreads 
/usr/bin/x86_64-linux-gnu-ld: cannot find -lpthreads
collect2: error: ld returned 1 exit status
CMakeFiles/cmTC_7a7d6.dir/build.make:86: recipe for target 'cmTC_7a7d6' failed
make[1]: *** [cmTC_7a7d6] Error 1
make[1]: 디렉터리 '/home/lee/tensorrt-detectron/build/CMakeFiles/CMakeTmp' 나감
Makefile:121: recipe for target 'cmTC_7a7d6/fast' failed
make: *** [cmTC_7a7d6/fast] Error 2


Determining if the pthread_create exist failed with the following output:
Change Dir: /home/lee/tensorrt-detectron/build/CMakeFiles/CMakeTmp

Run Build Command(s):/usr/bin/make cmTC_a0ad5/fast 
/usr/bin/make -f CMakeFiles/cmTC_a0ad5.dir/build.make CMakeFiles/cmTC_a0ad5.dir/build
make[1]: 디렉터리 '/home/lee/tensorrt-detectron/build/CMakeFiles/CMakeTmp' 들어감
Building C object CMakeFiles/cmTC_a0ad5.dir/CheckSymbolExists.c.o
/usr/bin/cc   -fPIC    -o CMakeFiles/cmTC_a0ad5.dir/CheckSymbolExists.c.o   -c /home/lee/tensorrt-detectron/build/CMakeFiles/CMakeTmp/CheckSymbolExists.c
Linking C executable cmTC_a0ad5
/usr/local/bin/cmake -E cmake_link_script CMakeFiles/cmTC_a0ad5.dir/link.txt --verbose=1
/usr/bin/cc -fPIC     -rdynamic CMakeFiles/cmTC_a0ad5.dir/CheckSymbolExists.c.o  -o cmTC_a0ad5 
CMakeFiles/cmTC_a0ad5.dir/CheckSymbolExists.c.o: In function `main':
CheckSymbolExists.c:(.text+0x1b): undefined reference to `pthread_create'
collect2: error: ld returned 1 exit status
CMakeFiles/cmTC_a0ad5.dir/build.make:86: recipe for target 'cmTC_a0ad5' failed
make[1]: *** [cmTC_a0ad5] Error 1
make[1]: 디렉터리 '/home/lee/tensorrt-detectron/build/CMakeFiles/CMakeTmp' 나감
Makefile:121: recipe for target 'cmTC_a0ad5/fast' failed
make: *** [cmTC_a0ad5/fast] Error 2

File /home/lee/tensorrt-detectron/build/CMakeFiles/CMakeTmp/CheckSymbolExists.c:
/* */
#include <pthread.h>

int main(int argc, char** argv)
{
  (void)argv;
#ifndef pthread_create
  return ((int*)(&pthread_create))[argc];
#else
  (void)argc;
  return 0;
#endif
}

Determining if the function pthread_create exists in the pthreads failed with the following output:
Change Dir: /home/lee/tensorrt-detectron/build/CMakeFiles/CMakeTmp

Run Build Command(s):/usr/bin/make cmTC_12bfd/fast 
/usr/bin/make -f CMakeFiles/cmTC_12bfd.dir/build.make CMakeFiles/cmTC_12bfd.dir/build
make[1]: 디렉터리 '/home/lee/tensorrt-detectron/build/CMakeFiles/CMakeTmp' 들어감
Building C object CMakeFiles/cmTC_12bfd.dir/CheckFunctionExists.c.o
/usr/bin/cc   -fPIC -DCHECK_FUNCTION_EXISTS=pthread_create   -o CMakeFiles/cmTC_12bfd.dir/CheckFunctionExists.c.o   -c /usr/local/share/cmake-3.14/Modules/CheckFunctionExists.c
Linking C executable cmTC_12bfd
/usr/local/bin/cmake -E cmake_link_script CMakeFiles/cmTC_12bfd.dir/link.txt --verbose=1
/usr/bin/cc -fPIC -DCHECK_FUNCTION_EXISTS=pthread_create    -rdynamic CMakeFiles/cmTC_12bfd.dir/CheckFunctionExists.c.o  -o cmTC_12bfd -lpthreads 
/usr/bin/x86_64-linux-gnu-ld: cannot find -lpthreads
collect2: error: ld returned 1 exit status
CMakeFiles/cmTC_12bfd.dir/build.make:86: recipe for target 'cmTC_12bfd' failed
make[1]: *** [cmTC_12bfd] Error 1
make[1]: 디렉터리 '/home/lee/tensorrt-detectron/build/CMakeFiles/CMakeTmp' 나감
Makefile:121: recipe for target 'cmTC_12bfd/fast' failed
make: *** [cmTC_12bfd/fast] Error 2


Determining if the pthread_create exist failed with the following output:
Change Dir: /home/lee/tensorrt-detectron/build/CMakeFiles/CMakeTmp

Run Build Command(s):/usr/bin/make cmTC_8f2dd/fast 
/usr/bin/make -f CMakeFiles/cmTC_8f2dd.dir/build.make CMakeFiles/cmTC_8f2dd.dir/build
make[1]: 디렉터리 '/home/lee/tensorrt-detectron/build/CMakeFiles/CMakeTmp' 들어감
Building C object CMakeFiles/cmTC_8f2dd.dir/CheckSymbolExists.c.o
/usr/bin/cc   -fPIC    -o CMakeFiles/cmTC_8f2dd.dir/CheckSymbolExists.c.o   -c /home/lee/tensorrt-detectron/build/CMakeFiles/CMakeTmp/CheckSymbolExists.c
Linking C executable cmTC_8f2dd
/usr/local/bin/cmake -E cmake_link_script CMakeFiles/cmTC_8f2dd.dir/link.txt --verbose=1
/usr/bin/cc -fPIC     -rdynamic CMakeFiles/cmTC_8f2dd.dir/CheckSymbolExists.c.o  -o cmTC_8f2dd 
CMakeFiles/cmTC_8f2dd.dir/CheckSymbolExists.c.o: In function `main':
CheckSymbolExists.c:(.text+0x1b): undefined reference to `pthread_create'
collect2: error: ld returned 1 exit status
CMakeFiles/cmTC_8f2dd.dir/build.make:86: recipe for target 'cmTC_8f2dd' failed
make[1]: *** [cmTC_8f2dd] Error 1
make[1]: 디렉터리 '/home/lee/tensorrt-detectron/build/CMakeFiles/CMakeTmp' 나감
Makefile:121: recipe for target 'cmTC_8f2dd/fast' failed
make: *** [cmTC_8f2dd/fast] Error 2

File /home/lee/tensorrt-detectron/build/CMakeFiles/CMakeTmp/CheckSymbolExists.c:
/* */
#include <pthread.h>

int main(int argc, char** argv)
{
  (void)argv;
#ifndef pthread_create
  return ((int*)(&pthread_create))[argc];
#else
  (void)argc;
  return 0;
#endif
}

Determining if the function pthread_create exists in the pthreads failed with the following output:
Change Dir: /home/lee/tensorrt-detectron/build/CMakeFiles/CMakeTmp

Run Build Command(s):/usr/bin/make cmTC_f6d77/fast 
/usr/bin/make -f CMakeFiles/cmTC_f6d77.dir/build.make CMakeFiles/cmTC_f6d77.dir/build
make[1]: 디렉터리 '/home/lee/tensorrt-detectron/build/CMakeFiles/CMakeTmp' 들어감
Building C object CMakeFiles/cmTC_f6d77.dir/CheckFunctionExists.c.o
/usr/bin/cc   -fPIC -DCHECK_FUNCTION_EXISTS=pthread_create   -o CMakeFiles/cmTC_f6d77.dir/CheckFunctionExists.c.o   -c /usr/local/share/cmake-3.14/Modules/CheckFunctionExists.c
Linking C executable cmTC_f6d77
/usr/local/bin/cmake -E cmake_link_script CMakeFiles/cmTC_f6d77.dir/link.txt --verbose=1
/usr/bin/cc -fPIC -DCHECK_FUNCTION_EXISTS=pthread_create    -rdynamic CMakeFiles/cmTC_f6d77.dir/CheckFunctionExists.c.o  -o cmTC_f6d77 -lpthreads 
/usr/bin/x86_64-linux-gnu-ld: cannot find -lpthreads
collect2: error: ld returned 1 exit status
CMakeFiles/cmTC_f6d77.dir/build.make:86: recipe for target 'cmTC_f6d77' failed
make[1]: *** [cmTC_f6d77] Error 1
make[1]: 디렉터리 '/home/lee/tensorrt-detectron/build/CMakeFiles/CMakeTmp' 나감
Makefile:121: recipe for target 'cmTC_f6d77/fast' failed
make: *** [cmTC_f6d77/fast] Error 2


Determining if the pthread_create exist failed with the following output:
Change Dir: /home/lee/tensorrt-detectron/build/CMakeFiles/CMakeTmp

Run Build Command(s):/usr/bin/make cmTC_27166/fast 
/usr/bin/make -f CMakeFiles/cmTC_27166.dir/build.make CMakeFiles/cmTC_27166.dir/build
make[1]: 디렉터리 '/home/lee/tensorrt-detectron/build/CMakeFiles/CMakeTmp' 들어감
Building CXX object CMakeFiles/cmTC_27166.dir/CheckSymbolExists.cxx.o
/usr/bin/c++    -std=c++11 -Wall -Ofast -Wfatal-errors    -o CMakeFiles/cmTC_27166.dir/CheckSymbolExists.cxx.o -c /home/lee/tensorrt-detectron/build/CMakeFiles/CMakeTmp/CheckSymbolExists.cxx
Linking CXX executable cmTC_27166
/usr/local/bin/cmake -E cmake_link_script CMakeFiles/cmTC_27166.dir/link.txt --verbose=1
/usr/bin/c++   -std=c++11 -Wall -Ofast -Wfatal-errors     -rdynamic CMakeFiles/cmTC_27166.dir/CheckSymbolExists.cxx.o  -o cmTC_27166 
CMakeFiles/cmTC_27166.dir/CheckSymbolExists.cxx.o: In function `main':
CheckSymbolExists.cxx:(.text.startup+0x3): undefined reference to `pthread_create'
collect2: error: ld returned 1 exit status
CMakeFiles/cmTC_27166.dir/build.make:86: recipe for target 'cmTC_27166' failed
make[1]: *** [cmTC_27166] Error 1
make[1]: 디렉터리 '/home/lee/tensorrt-detectron/build/CMakeFiles/CMakeTmp' 나감
Makefile:121: recipe for target 'cmTC_27166/fast' failed
make: *** [cmTC_27166/fast] Error 2

File /home/lee/tensorrt-detectron/build/CMakeFiles/CMakeTmp/CheckSymbolExists.cxx:
/* */
#include <pthread.h>

int main(int argc, char** argv)
{
  (void)argv;
#ifndef pthread_create
  return ((int*)(&pthread_create))[argc];
#else
  (void)argc;
  return 0;
#endif
}

Determining if the function pthread_create exists in the pthreads failed with the following output:
Change Dir: /home/lee/tensorrt-detectron/build/CMakeFiles/CMakeTmp

Run Build Command(s):/usr/bin/make cmTC_50f47/fast 
/usr/bin/make -f CMakeFiles/cmTC_50f47.dir/build.make CMakeFiles/cmTC_50f47.dir/build
make[1]: 디렉터리 '/home/lee/tensorrt-detectron/build/CMakeFiles/CMakeTmp' 들어감
Building CXX object CMakeFiles/cmTC_50f47.dir/CheckFunctionExists.cxx.o
/usr/bin/c++    -std=c++11 -Wall -Ofast -Wfatal-errors -DCHECK_FUNCTION_EXISTS=pthread_create   -o CMakeFiles/cmTC_50f47.dir/CheckFunctionExists.cxx.o -c /home/lee/tensorrt-detectron/build/CMakeFiles/CheckLibraryExists/CheckFunctionExists.cxx
Linking CXX executable cmTC_50f47
/usr/local/bin/cmake -E cmake_link_script CMakeFiles/cmTC_50f47.dir/link.txt --verbose=1
/usr/bin/c++   -std=c++11 -Wall -Ofast -Wfatal-errors -DCHECK_FUNCTION_EXISTS=pthread_create    -rdynamic CMakeFiles/cmTC_50f47.dir/CheckFunctionExists.cxx.o  -o cmTC_50f47 -lpthreads 
/usr/bin/x86_64-linux-gnu-ld: cannot find -lpthreads
collect2: error: ld returned 1 exit status
CMakeFiles/cmTC_50f47.dir/build.make:86: recipe for target 'cmTC_50f47' failed
make[1]: *** [cmTC_50f47] Error 1
make[1]: 디렉터리 '/home/lee/tensorrt-detectron/build/CMakeFiles/CMakeTmp' 나감
Makefile:121: recipe for target 'cmTC_50f47/fast' failed
make: *** [cmTC_50f47/fast] Error 2


